Analysis & Synthesis report for key_filter
Sat Dec 12 14:14:25 2020
Quartus II 64-Bit Version 15.0.0 Build 145 04/22/2015 SJ Full Version


---------------------
; Table of Contents ;
---------------------
  1. Legal Notice
  2. Analysis & Synthesis Summary
  3. Analysis & Synthesis Settings
  4. Parallel Compilation
  5. Analysis & Synthesis Source Files Read
  6. Analysis & Synthesis Resource Usage Summary
  7. Analysis & Synthesis Resource Utilization by Entity
  8. Analysis & Synthesis IP Cores Summary
  9. State Machine - |key_filter|state
 10. Registers Removed During Synthesis
 11. General Register Statistics
 12. Inverted Register Statistics
 13. Parameter Settings for User Entity Instance: counter:counter0|lpm_counter:LPM_COUNTER_component
 14. Port Connectivity Checks: "counter:counter0"
 15. Post-Synthesis Netlist Statistics for Top Partition
 16. Elapsed Time Per Partition
 17. Analysis & Synthesis Messages



----------------
; Legal Notice ;
----------------
Copyright (C) 1991-2015 Altera Corporation. All rights reserved.
Your use of Altera Corporation's design tools, logic functions 
and other software and tools, and its AMPP partner logic 
functions, and any output files from any of the foregoing 
(including device programming or simulation files), and any 
associated documentation or information are expressly subject 
to the terms and conditions of the Altera Program License 
Subscription Agreement, the Altera Quartus II License Agreement,
the Altera MegaCore Function License Agreement, or other 
applicable license agreement, including, without limitation, 
that your use is for the sole purpose of programming logic 
devices manufactured by Altera and sold by Altera or its 
authorized distributors.  Please refer to the applicable 
agreement for further details.



+----------------------------------------------------------------------------------+
; Analysis & Synthesis Summary                                                     ;
+------------------------------------+---------------------------------------------+
; Analysis & Synthesis Status        ; Successful - Sat Dec 12 14:14:25 2020       ;
; Quartus II 64-Bit Version          ; 15.0.0 Build 145 04/22/2015 SJ Full Version ;
; Revision Name                      ; key_filter                                  ;
; Top-level Entity Name              ; key_filter                                  ;
; Family                             ; Cyclone IV E                                ;
; Total logic elements               ; 50                                          ;
;     Total combinational functions  ; 46                                          ;
;     Dedicated logic registers      ; 31                                          ;
; Total registers                    ; 31                                          ;
; Total pins                         ; 5                                           ;
; Total virtual pins                 ; 0                                           ;
; Total memory bits                  ; 0                                           ;
; Embedded Multiplier 9-bit elements ; 0                                           ;
; Total PLLs                         ; 0                                           ;
+------------------------------------+---------------------------------------------+


+----------------------------------------------------------------------------------------------------------------------+
; Analysis & Synthesis Settings                                                                                        ;
+----------------------------------------------------------------------------+--------------------+--------------------+
; Option                                                                     ; Setting            ; Default Value      ;
+----------------------------------------------------------------------------+--------------------+--------------------+
; Device                                                                     ; EP4CE10F17C8       ;                    ;
; Top-level entity name                                                      ; key_filter         ; key_filter         ;
; Family name                                                                ; Cyclone IV E       ; Cyclone V          ;
; Use smart compilation                                                      ; Off                ; Off                ;
; Enable parallel Assembler and TimeQuest Timing Analyzer during compilation ; On                 ; On                 ;
; Enable compact report table                                                ; Off                ; Off                ;
; Restructure Multiplexers                                                   ; Auto               ; Auto               ;
; Create Debugging Nodes for IP Cores                                        ; Off                ; Off                ;
; Preserve fewer node names                                                  ; On                 ; On                 ;
; Disable OpenCore Plus hardware evaluation                                  ; Off                ; Off                ;
; Verilog Version                                                            ; Verilog_2001       ; Verilog_2001       ;
; VHDL Version                                                               ; VHDL_1993          ; VHDL_1993          ;
; State Machine Processing                                                   ; Auto               ; Auto               ;
; Safe State Machine                                                         ; Off                ; Off                ;
; Extract Verilog State Machines                                             ; On                 ; On                 ;
; Extract VHDL State Machines                                                ; On                 ; On                 ;
; Ignore Verilog initial constructs                                          ; Off                ; Off                ;
; Iteration limit for constant Verilog loops                                 ; 5000               ; 5000               ;
; Iteration limit for non-constant Verilog loops                             ; 250                ; 250                ;
; Add Pass-Through Logic to Inferred RAMs                                    ; On                 ; On                 ;
; Infer RAMs from Raw Logic                                                  ; On                 ; On                 ;
; Parallel Synthesis                                                         ; On                 ; On                 ;
; DSP Block Balancing                                                        ; Auto               ; Auto               ;
; NOT Gate Push-Back                                                         ; On                 ; On                 ;
; Power-Up Don't Care                                                        ; On                 ; On                 ;
; Remove Redundant Logic Cells                                               ; Off                ; Off                ;
; Remove Duplicate Registers                                                 ; On                 ; On                 ;
; Ignore CARRY Buffers                                                       ; Off                ; Off                ;
; Ignore CASCADE Buffers                                                     ; Off                ; Off                ;
; Ignore GLOBAL Buffers                                                      ; Off                ; Off                ;
; Ignore ROW GLOBAL Buffers                                                  ; Off                ; Off                ;
; Ignore LCELL Buffers                                                       ; Off                ; Off                ;
; Ignore SOFT Buffers                                                        ; On                 ; On                 ;
; Limit AHDL Integers to 32 Bits                                             ; Off                ; Off                ;
; Optimization Technique                                                     ; Balanced           ; Balanced           ;
; Carry Chain Length                                                         ; 70                 ; 70                 ;
; Auto Carry Chains                                                          ; On                 ; On                 ;
; Auto Open-Drain Pins                                                       ; On                 ; On                 ;
; Perform WYSIWYG Primitive Resynthesis                                      ; Off                ; Off                ;
; Auto ROM Replacement                                                       ; On                 ; On                 ;
; Auto RAM Replacement                                                       ; On                 ; On                 ;
; Auto DSP Block Replacement                                                 ; On                 ; On                 ;
; Auto Shift Register Replacement                                            ; Auto               ; Auto               ;
; Allow Shift Register Merging across Hierarchies                            ; Auto               ; Auto               ;
; Auto Clock Enable Replacement                                              ; On                 ; On                 ;
; Strict RAM Replacement                                                     ; Off                ; Off                ;
; Allow Synchronous Control Signals                                          ; On                 ; On                 ;
; Force Use of Synchronous Clear Signals                                     ; Off                ; Off                ;
; Auto RAM Block Balancing                                                   ; On                 ; On                 ;
; Auto RAM to Logic Cell Conversion                                          ; Off                ; Off                ;
; Auto Resource Sharing                                                      ; Off                ; Off                ;
; Allow Any RAM Size For Recognition                                         ; Off                ; Off                ;
; Allow Any ROM Size For Recognition                                         ; Off                ; Off                ;
; Allow Any Shift Register Size For Recognition                              ; Off                ; Off                ;
; Use LogicLock Constraints during Resource Balancing                        ; On                 ; On                 ;
; Ignore translate_off and synthesis_off directives                          ; Off                ; Off                ;
; Timing-Driven Synthesis                                                    ; On                 ; On                 ;
; Report Parameter Settings                                                  ; On                 ; On                 ;
; Report Source Assignments                                                  ; On                 ; On                 ;
; Report Connectivity Checks                                                 ; On                 ; On                 ;
; Ignore Maximum Fan-Out Assignments                                         ; Off                ; Off                ;
; Synchronization Register Chain Length                                      ; 2                  ; 2                  ;
; PowerPlay Power Optimization During Synthesis                              ; Normal compilation ; Normal compilation ;
; HDL message level                                                          ; Level2             ; Level2             ;
; Suppress Register Optimization Related Messages                            ; Off                ; Off                ;
; Number of Removed Registers Reported in Synthesis Report                   ; 5000               ; 5000               ;
; Number of Swept Nodes Reported in Synthesis Report                         ; 5000               ; 5000               ;
; Number of Inverted Registers Reported in Synthesis Report                  ; 100                ; 100                ;
; Clock MUX Protection                                                       ; On                 ; On                 ;
; Auto Gated Clock Conversion                                                ; Off                ; Off                ;
; Block Design Naming                                                        ; Auto               ; Auto               ;
; SDC constraint protection                                                  ; Off                ; Off                ;
; Synthesis Effort                                                           ; Auto               ; Auto               ;
; Shift Register Replacement - Allow Asynchronous Clear Signal               ; On                 ; On                 ;
; Pre-Mapping Resynthesis Optimization                                       ; Off                ; Off                ;
; Analysis & Synthesis Message Level                                         ; Medium             ; Medium             ;
; Disable Register Merging Across Hierarchies                                ; Auto               ; Auto               ;
; Resource Aware Inference For Block RAM                                     ; On                 ; On                 ;
; Synthesis Seed                                                             ; 1                  ; 1                  ;
+----------------------------------------------------------------------------+--------------------+--------------------+


+------------------------------------------+
; Parallel Compilation                     ;
+----------------------------+-------------+
; Processors                 ; Number      ;
+----------------------------+-------------+
; Number detected on machine ; 4           ;
; Maximum allowed            ; 4           ;
;                            ;             ;
; Average used               ; 1.00        ;
; Maximum used               ; 1           ;
;                            ;             ;
; Usage by Processor         ; % Time Used ;
;     Processor 1            ; 100.0%      ;
;     Processors 2-4         ;   0.0%      ;
+----------------------------+-------------+


+---------------------------------------------------------------------------------------------------------------------------------------------------------------------------+
; Analysis & Synthesis Source Files Read                                                                                                                                    ;
+----------------------------------+-----------------+------------------------------+-----------------------------------------------------------------------------+---------+
; File Name with User-Entered Path ; Used in Netlist ; File Type                    ; File Name with Absolute Path                                                ; Library ;
+----------------------------------+-----------------+------------------------------+-----------------------------------------------------------------------------+---------+
; ../rtl/sync_trigger.v            ; yes             ; User Verilog HDL File        ; E:/FPGA_Code/AC620_Draft/FPGA_Beginning/chapter3_class5/rtl/sync_trigger.v  ;         ;
; ../rtl/edge_tell.v               ; yes             ; User Verilog HDL File        ; E:/FPGA_Code/AC620_Draft/FPGA_Beginning/chapter3_class5/rtl/edge_tell.v     ;         ;
; ../rtl/key_filter.v              ; yes             ; User Verilog HDL File        ; E:/FPGA_Code/AC620_Draft/FPGA_Beginning/chapter3_class5/rtl/key_filter.v    ;         ;
; ip/counter.v                     ; yes             ; User Wizard-Generated File   ; E:/FPGA_Code/AC620_Draft/FPGA_Beginning/chapter3_class5/prj/ip/counter.v    ;         ;
; lpm_counter.tdf                  ; yes             ; Megafunction                 ; d:/altera/15.0/quartus/libraries/megafunctions/lpm_counter.tdf              ;         ;
; lpm_constant.inc                 ; yes             ; Megafunction                 ; d:/altera/15.0/quartus/libraries/megafunctions/lpm_constant.inc             ;         ;
; lpm_decode.inc                   ; yes             ; Megafunction                 ; d:/altera/15.0/quartus/libraries/megafunctions/lpm_decode.inc               ;         ;
; lpm_add_sub.inc                  ; yes             ; Megafunction                 ; d:/altera/15.0/quartus/libraries/megafunctions/lpm_add_sub.inc              ;         ;
; cmpconst.inc                     ; yes             ; Megafunction                 ; d:/altera/15.0/quartus/libraries/megafunctions/cmpconst.inc                 ;         ;
; lpm_compare.inc                  ; yes             ; Megafunction                 ; d:/altera/15.0/quartus/libraries/megafunctions/lpm_compare.inc              ;         ;
; lpm_counter.inc                  ; yes             ; Megafunction                 ; d:/altera/15.0/quartus/libraries/megafunctions/lpm_counter.inc              ;         ;
; dffeea.inc                       ; yes             ; Megafunction                 ; d:/altera/15.0/quartus/libraries/megafunctions/dffeea.inc                   ;         ;
; alt_counter_stratix.inc          ; yes             ; Megafunction                 ; d:/altera/15.0/quartus/libraries/megafunctions/alt_counter_stratix.inc      ;         ;
; aglobal150.inc                   ; yes             ; Megafunction                 ; d:/altera/15.0/quartus/libraries/megafunctions/aglobal150.inc               ;         ;
; db/cntr_bsk.tdf                  ; yes             ; Auto-Generated Megafunction  ; E:/FPGA_Code/AC620_Draft/FPGA_Beginning/chapter3_class5/prj/db/cntr_bsk.tdf ;         ;
; db/cmpr_8ic.tdf                  ; yes             ; Auto-Generated Megafunction  ; E:/FPGA_Code/AC620_Draft/FPGA_Beginning/chapter3_class5/prj/db/cmpr_8ic.tdf ;         ;
+----------------------------------+-----------------+------------------------------+-----------------------------------------------------------------------------+---------+


+---------------------------------------------------------+
; Analysis & Synthesis Resource Usage Summary             ;
+---------------------------------------------+-----------+
; Resource                                    ; Usage     ;
+---------------------------------------------+-----------+
; Estimated Total logic elements              ; 50        ;
;                                             ;           ;
; Total combinational functions               ; 46        ;
; Logic element usage by number of LUT inputs ;           ;
;     -- 4 input functions                    ; 19        ;
;     -- 3 input functions                    ; 3         ;
;     -- <=2 input functions                  ; 24        ;
;                                             ;           ;
; Logic elements by mode                      ;           ;
;     -- normal mode                          ; 26        ;
;     -- arithmetic mode                      ; 20        ;
;                                             ;           ;
; Total registers                             ; 31        ;
;     -- Dedicated logic registers            ; 31        ;
;     -- I/O registers                        ; 0         ;
;                                             ;           ;
; I/O pins                                    ; 5         ;
;                                             ;           ;
; Embedded Multiplier 9-bit elements          ; 0         ;
;                                             ;           ;
; Maximum fan-out node                        ; clk~input ;
; Maximum fan-out                             ; 31        ;
; Total fan-out                               ; 269       ;
; Average fan-out                             ; 3.09      ;
+---------------------------------------------+-----------+


+------------------------------------------------------------------------------------------------------------------------------------------------------------------------------------------------------------------------------------------------------------------------------+
; Analysis & Synthesis Resource Utilization by Entity                                                                                                                                                                                                                          ;
+-------------------------------------------+-------------------+--------------+-------------+--------------+---------+-----------+------+--------------+-------------------------------------------------------------------------------------------------------+--------------+
; Compilation Hierarchy Node                ; LC Combinationals ; LC Registers ; Memory Bits ; DSP Elements ; DSP 9x9 ; DSP 18x18 ; Pins ; Virtual Pins ; Full Hierarchy Name                                                                                   ; Library Name ;
+-------------------------------------------+-------------------+--------------+-------------+--------------+---------+-----------+------+--------------+-------------------------------------------------------------------------------------------------------+--------------+
; |key_filter                               ; 46 (16)           ; 31 (7)       ; 0           ; 0            ; 0       ; 0         ; 5    ; 0            ; |key_filter                                                                                           ; work         ;
;    |counter:counter0|                     ; 28 (0)            ; 20 (0)       ; 0           ; 0            ; 0       ; 0         ; 0    ; 0            ; |key_filter|counter:counter0                                                                          ; work         ;
;       |lpm_counter:LPM_COUNTER_component| ; 28 (0)            ; 20 (0)       ; 0           ; 0            ; 0       ; 0         ; 0    ; 0            ; |key_filter|counter:counter0|lpm_counter:LPM_COUNTER_component                                        ; work         ;
;          |cntr_bsk:auto_generated|        ; 28 (22)           ; 20 (20)      ; 0           ; 0            ; 0       ; 0         ; 0    ; 0            ; |key_filter|counter:counter0|lpm_counter:LPM_COUNTER_component|cntr_bsk:auto_generated                ; work         ;
;             |cmpr_8ic:cmpr1|              ; 6 (6)             ; 0 (0)        ; 0           ; 0            ; 0       ; 0         ; 0    ; 0            ; |key_filter|counter:counter0|lpm_counter:LPM_COUNTER_component|cntr_bsk:auto_generated|cmpr_8ic:cmpr1 ; work         ;
;    |edge_tell:edge_ins|                   ; 2 (2)             ; 2 (2)        ; 0           ; 0            ; 0       ; 0         ; 0    ; 0            ; |key_filter|edge_tell:edge_ins                                                                        ; work         ;
;    |sync_trigger:sync_ins|                ; 0 (0)             ; 2 (2)        ; 0           ; 0            ; 0       ; 0         ; 0    ; 0            ; |key_filter|sync_trigger:sync_ins                                                                     ; work         ;
+-------------------------------------------+-------------------+--------------+-------------+--------------+---------+-----------+------+--------------+-------------------------------------------------------------------------------------------------------+--------------+
Note: For table entries with two numbers listed, the numbers in parentheses indicate the number of resources of the given type used by the specific entity alone. The numbers listed outside of parentheses indicate the total resources of the given type used by the specific entity and all of its sub-entities in the hierarchy.


+----------------------------------------------------------------------------------------------------------------+
; Analysis & Synthesis IP Cores Summary                                                                          ;
+--------+--------------+---------+--------------+--------------+------------------------------+-----------------+
; Vendor ; IP Core Name ; Version ; Release Date ; License Type ; Entity Instance              ; IP Include File ;
+--------+--------------+---------+--------------+--------------+------------------------------+-----------------+
; Altera ; LPM_COUNTER  ; 15.0    ; N/A          ; N/A          ; |key_filter|counter:counter0 ; ip/counter.v    ;
+--------+--------------+---------+--------------+--------------+------------------------------+-----------------+


Encoding Type:  One-Hot
+-------------------------------------------------------------------------+
; State Machine - |key_filter|state                                       ;
+---------------+---------------+------------+---------------+------------+
; Name          ; state.FILTER1 ; state.DOWN ; state.FILTER0 ; state.IDLE ;
+---------------+---------------+------------+---------------+------------+
; state.IDLE    ; 0             ; 0          ; 0             ; 0          ;
; state.FILTER0 ; 0             ; 0          ; 1             ; 1          ;
; state.DOWN    ; 0             ; 1          ; 0             ; 1          ;
; state.FILTER1 ; 1             ; 0          ; 0             ; 1          ;
+---------------+---------------+------------+---------------+------------+


+--------------------------------------------------------------------------------+
; Registers Removed During Synthesis                                             ;
+---------------------------------------+----------------------------------------+
; Register name                         ; Reason for Removal                     ;
+---------------------------------------+----------------------------------------+
; aclr                                  ; Stuck at GND due to stuck port data_in ;
; Total Number of Removed Registers = 1 ;                                        ;
+---------------------------------------+----------------------------------------+


+------------------------------------------------------+
; General Register Statistics                          ;
+----------------------------------------------+-------+
; Statistic                                    ; Value ;
+----------------------------------------------+-------+
; Total registers                              ; 31    ;
; Number of registers using Synchronous Clear  ; 0     ;
; Number of registers using Synchronous Load   ; 20    ;
; Number of registers using Asynchronous Clear ; 11    ;
; Number of registers using Asynchronous Load  ; 0     ;
; Number of registers using Clock Enable       ; 20    ;
; Number of registers using Preset             ; 0     ;
+----------------------------------------------+-------+


+--------------------------------------------------+
; Inverted Register Statistics                     ;
+----------------------------------------+---------+
; Inverted Register                      ; Fan out ;
+----------------------------------------+---------+
; key_state~reg0                         ; 2       ;
; Total number of inverted registers = 1 ;         ;
+----------------------------------------+---------+


+-------------------------------------------------------------------------------------------------+
; Parameter Settings for User Entity Instance: counter:counter0|lpm_counter:LPM_COUNTER_component ;
+------------------------+--------------+---------------------------------------------------------+
; Parameter Name         ; Value        ; Type                                                    ;
+------------------------+--------------+---------------------------------------------------------+
; AUTO_CARRY_CHAINS      ; ON           ; AUTO_CARRY                                              ;
; IGNORE_CARRY_BUFFERS   ; OFF          ; IGNORE_CARRY                                            ;
; AUTO_CASCADE_CHAINS    ; ON           ; AUTO_CASCADE                                            ;
; IGNORE_CASCADE_BUFFERS ; OFF          ; IGNORE_CASCADE                                          ;
; LPM_WIDTH              ; 20           ; Signed Integer                                          ;
; LPM_DIRECTION          ; UP           ; Untyped                                                 ;
; LPM_MODULUS            ; 10000        ; Signed Integer                                          ;
; LPM_AVALUE             ; UNUSED       ; Untyped                                                 ;
; LPM_SVALUE             ; UNUSED       ; Untyped                                                 ;
; LPM_PORT_UPDOWN        ; PORT_UNUSED  ; Untyped                                                 ;
; DEVICE_FAMILY          ; Cyclone IV E ; Untyped                                                 ;
; CARRY_CHAIN            ; MANUAL       ; Untyped                                                 ;
; CARRY_CHAIN_LENGTH     ; 48           ; CARRY_CHAIN_LENGTH                                      ;
; NOT_GATE_PUSH_BACK     ; ON           ; NOT_GATE_PUSH_BACK                                      ;
; CARRY_CNT_EN           ; SMART        ; Untyped                                                 ;
; LABWIDE_SCLR           ; ON           ; Untyped                                                 ;
; USE_NEW_VERSION        ; TRUE         ; Untyped                                                 ;
; CBXI_PARAMETER         ; cntr_bsk     ; Untyped                                                 ;
+------------------------+--------------+---------------------------------------------------------+
Note: In order to hide this table in the UI and the text report file, please set the "Show Parameter Settings in Synthesis Report" option in "Analysis and Synthesis Settings -> More Settings" to "Off".


+----------------------------------------------------------------------------------------------------------------+
; Port Connectivity Checks: "counter:counter0"                                                                   ;
+------+--------+----------+-------------------------------------------------------------------------------------+
; Port ; Type   ; Severity ; Details                                                                             ;
+------+--------+----------+-------------------------------------------------------------------------------------+
; q    ; Output ; Info     ; Connected to dangling logic. Logic that only feeds a dangling port will be removed. ;
+------+--------+----------+-------------------------------------------------------------------------------------+


+-----------------------------------------------------+
; Post-Synthesis Netlist Statistics for Top Partition ;
+-----------------------+-----------------------------+
; Type                  ; Count                       ;
+-----------------------+-----------------------------+
; boundary_port         ; 5                           ;
; cycloneiii_ff         ; 31                          ;
;     CLR               ; 11                          ;
;     ENA SLD           ; 20                          ;
; cycloneiii_lcell_comb ; 47                          ;
;     arith             ; 20                          ;
;         2 data inputs ; 20                          ;
;     normal            ; 27                          ;
;         0 data inputs ; 2                           ;
;         1 data inputs ; 1                           ;
;         2 data inputs ; 2                           ;
;         3 data inputs ; 3                           ;
;         4 data inputs ; 19                          ;
;                       ;                             ;
; Max LUT depth         ; 6.00                        ;
; Average LUT depth     ; 3.94                        ;
+-----------------------+-----------------------------+


+-------------------------------+
; Elapsed Time Per Partition    ;
+----------------+--------------+
; Partition Name ; Elapsed Time ;
+----------------+--------------+
; Top            ; 00:00:00     ;
+----------------+--------------+


+-------------------------------+
; Analysis & Synthesis Messages ;
+-------------------------------+
Info: *******************************************************************
Info: Running Quartus II 64-Bit Analysis & Synthesis
    Info: Version 15.0.0 Build 145 04/22/2015 SJ Full Version
    Info: Processing started: Sat Dec 12 14:14:11 2020
Info: Command: quartus_map --read_settings_files=on --write_settings_files=off key_filter -c key_filter
Info (20030): Parallel compilation is enabled and will use 4 of the 4 processors detected
Info (12021): Found 1 design units, including 1 entities, in source file /fpga_code/ac620_draft/fpga_beginning/chapter3_class5/rtl/sync_trigger.v
    Info (12023): Found entity 1: sync_trigger
Info (12021): Found 1 design units, including 1 entities, in source file /fpga_code/ac620_draft/fpga_beginning/chapter3_class5/rtl/edge_tell.v
    Info (12023): Found entity 1: edge_tell
Info (12021): Found 1 design units, including 1 entities, in source file /fpga_code/ac620_draft/fpga_beginning/chapter3_class5/rtl/key_filter.v
    Info (12023): Found entity 1: key_filter
Info (12021): Found 1 design units, including 1 entities, in source file ip/counter.v
    Info (12023): Found entity 1: counter
Info (12021): Found 1 design units, including 1 entities, in source file /fpga_code/ac620_draft/fpga_beginning/chapter3_class5/testbench/edge_tell_tb.v
    Info (12023): Found entity 1: edge_tell_tb
Info (12021): Found 1 design units, including 1 entities, in source file /fpga_code/ac620_draft/fpga_beginning/chapter3_class5/testbench/counter_tb.v
    Info (12023): Found entity 1: counter_tb
Info (12021): Found 1 design units, including 1 entities, in source file /fpga_code/ac620_draft/fpga_beginning/chapter3_class5/testbench/key_filter_tb.v
    Info (12023): Found entity 1: key_filter_tb
Info (12127): Elaborating entity "key_filter" for the top level hierarchy
Info (12128): Elaborating entity "sync_trigger" for hierarchy "sync_trigger:sync_ins"
Info (12128): Elaborating entity "edge_tell" for hierarchy "edge_tell:edge_ins"
Info (12128): Elaborating entity "counter" for hierarchy "counter:counter0"
Info (12128): Elaborating entity "lpm_counter" for hierarchy "counter:counter0|lpm_counter:LPM_COUNTER_component"
Info (12130): Elaborated megafunction instantiation "counter:counter0|lpm_counter:LPM_COUNTER_component"
Info (12133): Instantiated megafunction "counter:counter0|lpm_counter:LPM_COUNTER_component" with the following parameter:
    Info (12134): Parameter "lpm_direction" = "UP"
    Info (12134): Parameter "lpm_modulus" = "10000"
    Info (12134): Parameter "lpm_port_updown" = "PORT_UNUSED"
    Info (12134): Parameter "lpm_type" = "LPM_COUNTER"
    Info (12134): Parameter "lpm_width" = "20"
Info (12021): Found 1 design units, including 1 entities, in source file db/cntr_bsk.tdf
    Info (12023): Found entity 1: cntr_bsk
Info (12128): Elaborating entity "cntr_bsk" for hierarchy "counter:counter0|lpm_counter:LPM_COUNTER_component|cntr_bsk:auto_generated"
Info (12021): Found 1 design units, including 1 entities, in source file db/cmpr_8ic.tdf
    Info (12023): Found entity 1: cmpr_8ic
Info (12128): Elaborating entity "cmpr_8ic" for hierarchy "counter:counter0|lpm_counter:LPM_COUNTER_component|cntr_bsk:auto_generated|cmpr_8ic:cmpr1"
Info (13000): Registers with preset signals will power-up high
Info (13003): DEV_CLRn pin will set, and not reset, register with preset signal due to NOT Gate Push-Back
Info (286030): Timing-Driven Synthesis is running
Critical Warning (18061): Ignored Power-Up Level option on the following registers
    Critical Warning (18010): Register key_state~reg0 will power up to High
Info (16010): Generating hard_block partition "hard_block:auto_generated_inst"
    Info (16011): Adding 0 node(s), including 0 DDIO, 0 PLL, 0 transceiver and 0 LCELL
Info (21057): Implemented 55 device resources after synthesis - the final resource count might be different
    Info (21058): Implemented 3 input pins
    Info (21059): Implemented 2 output pins
    Info (21061): Implemented 50 logic cells
Info: Quartus II 64-Bit Analysis & Synthesis was successful. 0 errors, 2 warnings
    Info: Peak virtual memory: 4839 megabytes
    Info: Processing ended: Sat Dec 12 14:14:25 2020
    Info: Elapsed time: 00:00:14
    Info: Total CPU time (on all processors): 00:00:30


