Analysis & Synthesis report for Hex8_top
Tue Dec 15 16:36:26 2020
Quartus II 64-Bit Version 15.0.0 Build 145 04/22/2015 SJ Full Version


---------------------
; Table of Contents ;
---------------------
  1. Legal Notice
  2. Analysis & Synthesis Summary
  3. Analysis & Synthesis Settings
  4. Parallel Compilation
  5. Analysis & Synthesis Source Files Read
  6. Analysis & Synthesis Resource Usage Summary
  7. Analysis & Synthesis Resource Utilization by Entity
  8. Analysis & Synthesis IP Cores Summary
  9. Registers Removed During Synthesis
 10. General Register Statistics
 11. Inverted Register Statistics
 12. Multiplexer Restructuring Statistics (Restructuring Performed)
 13. Source assignments for hex_data:hex_data0|altsource_probe:in_system_sources_probes_0|altsource_probe_body:altsource_probe_body_inst|altsource_probe_impl:\wider_source_gen:wider_source_inst
 14. Parameter Settings for User Entity Instance: hex_data:hex_data0|altsource_probe:in_system_sources_probes_0
 15. Parameter Settings for User Entity Instance: HC595_Driver:HC595_Driver0
 16. Port Connectivity Checks: "HC595_Driver:HC595_Driver0"
 17. Port Connectivity Checks: "Hex8_top:Hex8_top0"
 18. Port Connectivity Checks: "hex_data:hex_data0|altsource_probe:in_system_sources_probes_0"
 19. Port Connectivity Checks: "hex_data:hex_data0"
 20. Post-Synthesis Netlist Statistics for Top Partition
 21. Elapsed Time Per Partition
 22. Analysis & Synthesis Messages



----------------
; Legal Notice ;
----------------
Copyright (C) 1991-2015 Altera Corporation. All rights reserved.
Your use of Altera Corporation's design tools, logic functions 
and other software and tools, and its AMPP partner logic 
functions, and any output files from any of the foregoing 
(including device programming or simulation files), and any 
associated documentation or information are expressly subject 
to the terms and conditions of the Altera Program License 
Subscription Agreement, the Altera Quartus II License Agreement,
the Altera MegaCore Function License Agreement, or other 
applicable license agreement, including, without limitation, 
that your use is for the sole purpose of programming logic 
devices manufactured by Altera and sold by Altera or its 
authorized distributors.  Please refer to the applicable 
agreement for further details.



+----------------------------------------------------------------------------------+
; Analysis & Synthesis Summary                                                     ;
+------------------------------------+---------------------------------------------+
; Analysis & Synthesis Status        ; Successful - Tue Dec 15 16:36:26 2020       ;
; Quartus II 64-Bit Version          ; 15.0.0 Build 145 04/22/2015 SJ Full Version ;
; Revision Name                      ; Hex8_top                                    ;
; Top-level Entity Name              ; Hex_top                                     ;
; Family                             ; Cyclone IV E                                ;
; Total logic elements               ; 354                                         ;
;     Total combinational functions  ; 318                                         ;
;     Dedicated logic registers      ; 213                                         ;
; Total registers                    ; 213                                         ;
; Total pins                         ; 6                                           ;
; Total virtual pins                 ; 0                                           ;
; Total memory bits                  ; 0                                           ;
; Embedded Multiplier 9-bit elements ; 0                                           ;
; Total PLLs                         ; 0                                           ;
+------------------------------------+---------------------------------------------+


+----------------------------------------------------------------------------------------------------------------------+
; Analysis & Synthesis Settings                                                                                        ;
+----------------------------------------------------------------------------+--------------------+--------------------+
; Option                                                                     ; Setting            ; Default Value      ;
+----------------------------------------------------------------------------+--------------------+--------------------+
; Device                                                                     ; EP4CE10F17C8       ;                    ;
; Top-level entity name                                                      ; Hex_top            ; Hex8_top           ;
; Family name                                                                ; Cyclone IV E       ; Cyclone V          ;
; Use smart compilation                                                      ; Off                ; Off                ;
; Enable parallel Assembler and TimeQuest Timing Analyzer during compilation ; On                 ; On                 ;
; Enable compact report table                                                ; Off                ; Off                ;
; Restructure Multiplexers                                                   ; Auto               ; Auto               ;
; Create Debugging Nodes for IP Cores                                        ; Off                ; Off                ;
; Preserve fewer node names                                                  ; On                 ; On                 ;
; Disable OpenCore Plus hardware evaluation                                  ; Off                ; Off                ;
; Verilog Version                                                            ; Verilog_2001       ; Verilog_2001       ;
; VHDL Version                                                               ; VHDL_1993          ; VHDL_1993          ;
; State Machine Processing                                                   ; Auto               ; Auto               ;
; Safe State Machine                                                         ; Off                ; Off                ;
; Extract Verilog State Machines                                             ; On                 ; On                 ;
; Extract VHDL State Machines                                                ; On                 ; On                 ;
; Ignore Verilog initial constructs                                          ; Off                ; Off                ;
; Iteration limit for constant Verilog loops                                 ; 5000               ; 5000               ;
; Iteration limit for non-constant Verilog loops                             ; 250                ; 250                ;
; Add Pass-Through Logic to Inferred RAMs                                    ; On                 ; On                 ;
; Infer RAMs from Raw Logic                                                  ; On                 ; On                 ;
; Parallel Synthesis                                                         ; On                 ; On                 ;
; DSP Block Balancing                                                        ; Auto               ; Auto               ;
; NOT Gate Push-Back                                                         ; On                 ; On                 ;
; Power-Up Don't Care                                                        ; On                 ; On                 ;
; Remove Redundant Logic Cells                                               ; Off                ; Off                ;
; Remove Duplicate Registers                                                 ; On                 ; On                 ;
; Ignore CARRY Buffers                                                       ; Off                ; Off                ;
; Ignore CASCADE Buffers                                                     ; Off                ; Off                ;
; Ignore GLOBAL Buffers                                                      ; Off                ; Off                ;
; Ignore ROW GLOBAL Buffers                                                  ; Off                ; Off                ;
; Ignore LCELL Buffers                                                       ; Off                ; Off                ;
; Ignore SOFT Buffers                                                        ; On                 ; On                 ;
; Limit AHDL Integers to 32 Bits                                             ; Off                ; Off                ;
; Optimization Technique                                                     ; Balanced           ; Balanced           ;
; Carry Chain Length                                                         ; 70                 ; 70                 ;
; Auto Carry Chains                                                          ; On                 ; On                 ;
; Auto Open-Drain Pins                                                       ; On                 ; On                 ;
; Perform WYSIWYG Primitive Resynthesis                                      ; Off                ; Off                ;
; Auto ROM Replacement                                                       ; On                 ; On                 ;
; Auto RAM Replacement                                                       ; On                 ; On                 ;
; Auto DSP Block Replacement                                                 ; On                 ; On                 ;
; Auto Shift Register Replacement                                            ; Auto               ; Auto               ;
; Allow Shift Register Merging across Hierarchies                            ; Auto               ; Auto               ;
; Auto Clock Enable Replacement                                              ; On                 ; On                 ;
; Strict RAM Replacement                                                     ; Off                ; Off                ;
; Allow Synchronous Control Signals                                          ; On                 ; On                 ;
; Force Use of Synchronous Clear Signals                                     ; Off                ; Off                ;
; Auto RAM Block Balancing                                                   ; On                 ; On                 ;
; Auto RAM to Logic Cell Conversion                                          ; Off                ; Off                ;
; Auto Resource Sharing                                                      ; Off                ; Off                ;
; Allow Any RAM Size For Recognition                                         ; Off                ; Off                ;
; Allow Any ROM Size For Recognition                                         ; Off                ; Off                ;
; Allow Any Shift Register Size For Recognition                              ; Off                ; Off                ;
; Use LogicLock Constraints during Resource Balancing                        ; On                 ; On                 ;
; Ignore translate_off and synthesis_off directives                          ; Off                ; Off                ;
; Timing-Driven Synthesis                                                    ; On                 ; On                 ;
; Report Parameter Settings                                                  ; On                 ; On                 ;
; Report Source Assignments                                                  ; On                 ; On                 ;
; Report Connectivity Checks                                                 ; On                 ; On                 ;
; Ignore Maximum Fan-Out Assignments                                         ; Off                ; Off                ;
; Synchronization Register Chain Length                                      ; 2                  ; 2                  ;
; PowerPlay Power Optimization During Synthesis                              ; Normal compilation ; Normal compilation ;
; HDL message level                                                          ; Level2             ; Level2             ;
; Suppress Register Optimization Related Messages                            ; Off                ; Off                ;
; Number of Removed Registers Reported in Synthesis Report                   ; 5000               ; 5000               ;
; Number of Swept Nodes Reported in Synthesis Report                         ; 5000               ; 5000               ;
; Number of Inverted Registers Reported in Synthesis Report                  ; 100                ; 100                ;
; Clock MUX Protection                                                       ; On                 ; On                 ;
; Auto Gated Clock Conversion                                                ; Off                ; Off                ;
; Block Design Naming                                                        ; Auto               ; Auto               ;
; SDC constraint protection                                                  ; Off                ; Off                ;
; Synthesis Effort                                                           ; Auto               ; Auto               ;
; Shift Register Replacement - Allow Asynchronous Clear Signal               ; On                 ; On                 ;
; Pre-Mapping Resynthesis Optimization                                       ; Off                ; Off                ;
; Analysis & Synthesis Message Level                                         ; Medium             ; Medium             ;
; Disable Register Merging Across Hierarchies                                ; Auto               ; Auto               ;
; Resource Aware Inference For Block RAM                                     ; On                 ; On                 ;
; Synthesis Seed                                                             ; 1                  ; 1                  ;
+----------------------------------------------------------------------------+--------------------+--------------------+


+------------------------------------------+
; Parallel Compilation                     ;
+----------------------------+-------------+
; Processors                 ; Number      ;
+----------------------------+-------------+
; Number detected on machine ; 4           ;
; Maximum allowed            ; 4           ;
;                            ;             ;
; Average used               ; 1.00        ;
; Maximum used               ; 2           ;
;                            ;             ;
; Usage by Processor         ; % Time Used ;
;     Processor 1            ; 100.0%      ;
;     Processor 2            ; < 0.1%      ;
;     Processors 3-4         ;   0.0%      ;
+----------------------------+-------------+


+-------------------------------------------------------------------------------------------------------------------------------------------------------------------------------------------------------------------------------------------------------------------------------------------------------+
; Analysis & Synthesis Source Files Read                                                                                                                                                                                                                                                                ;
+---------------------------------------------------------------------------------------+-----------------+----------------------------------------------+--------------------------------------------------------------------------------------------------------------------------------+-------------+
; File Name with User-Entered Path                                                      ; Used in Netlist ; File Type                                    ; File Name with Absolute Path                                                                                                   ; Library     ;
+---------------------------------------------------------------------------------------+-----------------+----------------------------------------------+--------------------------------------------------------------------------------------------------------------------------------+-------------+
; ../rtl/Hex8_top.v                                                                     ; yes             ; User Verilog HDL File                        ; E:/FPGA_Code/AC620_Draft/FPGA_Beginning/chapter3_class7/rtl/Hex8_top.v                                                         ;             ;
; ../rtl/divder.v                                                                       ; yes             ; User Verilog HDL File                        ; E:/FPGA_Code/AC620_Draft/FPGA_Beginning/chapter3_class7/rtl/divder.v                                                           ;             ;
; ../rtl/shift8.v                                                                       ; yes             ; User Verilog HDL File                        ; E:/FPGA_Code/AC620_Draft/FPGA_Beginning/chapter3_class7/rtl/shift8.v                                                           ;             ;
; ../rtl/mux8.v                                                                         ; yes             ; User Verilog HDL File                        ; E:/FPGA_Code/AC620_Draft/FPGA_Beginning/chapter3_class7/rtl/mux8.v                                                             ;             ;
; ../rtl/lut.v                                                                          ; yes             ; User Verilog HDL File                        ; E:/FPGA_Code/AC620_Draft/FPGA_Beginning/chapter3_class7/rtl/lut.v                                                              ;             ;
; ../rtl/HC595_Driver.v                                                                 ; yes             ; User Verilog HDL File                        ; E:/FPGA_Code/AC620_Draft/FPGA_Beginning/chapter3_class7/rtl/HC595_Driver.v                                                     ;             ;
; ../rtl/Hex_top.v                                                                      ; yes             ; User Verilog HDL File                        ; E:/FPGA_Code/AC620_Draft/FPGA_Beginning/chapter3_class7/rtl/Hex_top.v                                                          ;             ;
; e:/fpga_code/ac620_draft/fpga_beginning/chapter3_class7/prj/db/ip/hex_data/hex_data.v ; yes             ; Auto-Found Verilog HDL File                  ; e:/fpga_code/ac620_draft/fpga_beginning/chapter3_class7/prj/db/ip/hex_data/hex_data.v                                          ; hex_data    ;
; altsource_probe.v                                                                     ; yes             ; Megafunction                                 ; d:/altera/15.0/quartus/libraries/megafunctions/altsource_probe.v                                                               ;             ;
; sld_jtag_endpoint_adapter.vhd                                                         ; yes             ; Encrypted Megafunction                       ; d:/altera/15.0/quartus/libraries/megafunctions/sld_jtag_endpoint_adapter.vhd                                                   ;             ;
; sld_jtag_endpoint_adapter_impl.sv                                                     ; yes             ; Encrypted Megafunction                       ; d:/altera/15.0/quartus/libraries/megafunctions/sld_jtag_endpoint_adapter_impl.sv                                               ;             ;
; altsource_probe_body.vhd                                                              ; yes             ; Megafunction                                 ; d:/altera/15.0/quartus/libraries/megafunctions/altsource_probe_body.vhd                                                        ;             ;
; sld_rom_sr.vhd                                                                        ; yes             ; Encrypted Megafunction                       ; d:/altera/15.0/quartus/libraries/megafunctions/sld_rom_sr.vhd                                                                  ;             ;
; sld_hub.vhd                                                                           ; yes             ; Encrypted Megafunction                       ; d:/altera/15.0/quartus/libraries/megafunctions/sld_hub.vhd                                                                     ; altera_sld  ;
; db/ip/sld227dfb7b/alt_sld_fab.v                                                       ; yes             ; Encrypted Auto-Found Verilog HDL File        ; E:/FPGA_Code/AC620_Draft/FPGA_Beginning/chapter3_class7/prj/db/ip/sld227dfb7b/alt_sld_fab.v                                    ; alt_sld_fab ;
; db/ip/sld227dfb7b/submodules/alt_sld_fab_alt_sld_fab.v                                ; yes             ; Encrypted Auto-Found Verilog HDL File        ; E:/FPGA_Code/AC620_Draft/FPGA_Beginning/chapter3_class7/prj/db/ip/sld227dfb7b/submodules/alt_sld_fab_alt_sld_fab.v             ; alt_sld_fab ;
; db/ip/sld227dfb7b/submodules/alt_sld_fab_alt_sld_fab_ident.sv                         ; yes             ; Auto-Found SystemVerilog HDL File            ; E:/FPGA_Code/AC620_Draft/FPGA_Beginning/chapter3_class7/prj/db/ip/sld227dfb7b/submodules/alt_sld_fab_alt_sld_fab_ident.sv      ; alt_sld_fab ;
; db/ip/sld227dfb7b/submodules/alt_sld_fab_alt_sld_fab_presplit.sv                      ; yes             ; Encrypted Auto-Found SystemVerilog HDL File  ; E:/FPGA_Code/AC620_Draft/FPGA_Beginning/chapter3_class7/prj/db/ip/sld227dfb7b/submodules/alt_sld_fab_alt_sld_fab_presplit.sv   ; alt_sld_fab ;
; db/ip/sld227dfb7b/submodules/alt_sld_fab_alt_sld_fab_sldfabric.vhd                    ; yes             ; Encrypted Auto-Found VHDL File               ; E:/FPGA_Code/AC620_Draft/FPGA_Beginning/chapter3_class7/prj/db/ip/sld227dfb7b/submodules/alt_sld_fab_alt_sld_fab_sldfabric.vhd ; alt_sld_fab ;
; db/ip/sld227dfb7b/submodules/alt_sld_fab_alt_sld_fab_splitter.sv                      ; yes             ; Encrypted Auto-Found SystemVerilog HDL File  ; E:/FPGA_Code/AC620_Draft/FPGA_Beginning/chapter3_class7/prj/db/ip/sld227dfb7b/submodules/alt_sld_fab_alt_sld_fab_splitter.sv   ; alt_sld_fab ;
; sld_jtag_hub.vhd                                                                      ; yes             ; Encrypted Megafunction                       ; d:/altera/15.0/quartus/libraries/megafunctions/sld_jtag_hub.vhd                                                                ;             ;
+---------------------------------------------------------------------------------------+-----------------+----------------------------------------------+--------------------------------------------------------------------------------------------------------------------------------+-------------+


+------------------------------------------------------------------------+
; Analysis & Synthesis Resource Usage Summary                            ;
+---------------------------------------------+--------------------------+
; Resource                                    ; Usage                    ;
+---------------------------------------------+--------------------------+
; Estimated Total logic elements              ; 354                      ;
;                                             ;                          ;
; Total combinational functions               ; 318                      ;
; Logic element usage by number of LUT inputs ;                          ;
;     -- 4 input functions                    ; 116                      ;
;     -- 3 input functions                    ; 109                      ;
;     -- <=2 input functions                  ; 93                       ;
;                                             ;                          ;
; Logic elements by mode                      ;                          ;
;     -- normal mode                          ; 277                      ;
;     -- arithmetic mode                      ; 41                       ;
;                                             ;                          ;
; Total registers                             ; 213                      ;
;     -- Dedicated logic registers            ; 213                      ;
;     -- I/O registers                        ; 0                        ;
;                                             ;                          ;
; I/O pins                                    ; 6                        ;
;                                             ;                          ;
; Embedded Multiplier 9-bit elements          ; 0                        ;
;                                             ;                          ;
; Maximum fan-out node                        ; altera_internal_jtag~TDO ;
; Maximum fan-out                             ; 173                      ;
; Total fan-out                               ; 1638                     ;
; Average fan-out                             ; 2.97                     ;
+---------------------------------------------+--------------------------+


+---------------------------------------------------------------------------------------------------------------------------------------------------------------------------------------------------------------------------------------------------------------------------------------------------------------------------------------------------------------------------------------------------------------------------------------------------------------------------------------------------------------+
; Analysis & Synthesis Resource Utilization by Entity                                                                                                                                                                                                                                                                                                                                                                                                                                                           ;
+-----------------------------------------------------------------------------------------------------+-------------------+--------------+-------------+--------------+---------+-----------+------+--------------+------------------------------------------------------------------------------------------------------------------------------------------------------------------------------------------------------------------------------------------------------------------------------+--------------+
; Compilation Hierarchy Node                                                                          ; LC Combinationals ; LC Registers ; Memory Bits ; DSP Elements ; DSP 9x9 ; DSP 18x18 ; Pins ; Virtual Pins ; Full Hierarchy Name                                                                                                                                                                                                                                                          ; Library Name ;
+-----------------------------------------------------------------------------------------------------+-------------------+--------------+-------------+--------------+---------+-----------+------+--------------+------------------------------------------------------------------------------------------------------------------------------------------------------------------------------------------------------------------------------------------------------------------------------+--------------+
; |Hex_top                                                                                            ; 318 (2)           ; 213 (0)      ; 0           ; 0            ; 0       ; 0         ; 6    ; 0            ; |Hex_top                                                                                                                                                                                                                                                                     ; work         ;
;    |HC595_Driver:HC595_Driver0|                                                                     ; 41 (41)           ; 40 (40)      ; 0           ; 0            ; 0       ; 0         ; 0    ; 0            ; |Hex_top|HC595_Driver:HC595_Driver0                                                                                                                                                                                                                                          ; work         ;
;    |Hex8_top:Hex8_top0|                                                                             ; 77 (0)            ; 23 (0)       ; 0           ; 0            ; 0       ; 0         ; 0    ; 0            ; |Hex_top|Hex8_top:Hex8_top0                                                                                                                                                                                                                                                  ; work         ;
;       |divder:divder_0|                                                                             ; 27 (27)           ; 15 (15)      ; 0           ; 0            ; 0       ; 0         ; 0    ; 0            ; |Hex_top|Hex8_top:Hex8_top0|divder:divder_0                                                                                                                                                                                                                                  ; work         ;
;       |lut:lut_0|                                                                                   ; 7 (7)             ; 0 (0)        ; 0           ; 0            ; 0       ; 0         ; 0    ; 0            ; |Hex_top|Hex8_top:Hex8_top0|lut:lut_0                                                                                                                                                                                                                                        ; work         ;
;       |mux8:mux8_0|                                                                                 ; 40 (40)           ; 0 (0)        ; 0           ; 0            ; 0       ; 0         ; 0    ; 0            ; |Hex_top|Hex8_top:Hex8_top0|mux8:mux8_0                                                                                                                                                                                                                                      ; work         ;
;       |shift8:shift8_0|                                                                             ; 3 (3)             ; 8 (8)        ; 0           ; 0            ; 0       ; 0         ; 0    ; 0            ; |Hex_top|Hex8_top:Hex8_top0|shift8:shift8_0                                                                                                                                                                                                                                  ; work         ;
;    |hex_data:hex_data0|                                                                             ; 87 (0)            ; 72 (0)       ; 0           ; 0            ; 0       ; 0         ; 0    ; 0            ; |Hex_top|hex_data:hex_data0                                                                                                                                                                                                                                                  ; hex_data     ;
;       |altsource_probe:in_system_sources_probes_0|                                                  ; 87 (0)            ; 72 (0)       ; 0           ; 0            ; 0       ; 0         ; 0    ; 0            ; |Hex_top|hex_data:hex_data0|altsource_probe:in_system_sources_probes_0                                                                                                                                                                                                       ; work         ;
;          |altsource_probe_body:altsource_probe_body_inst|                                           ; 87 (4)            ; 72 (0)       ; 0           ; 0            ; 0       ; 0         ; 0    ; 0            ; |Hex_top|hex_data:hex_data0|altsource_probe:in_system_sources_probes_0|altsource_probe_body:altsource_probe_body_inst                                                                                                                                                        ; work         ;
;             |altsource_probe_impl:\wider_source_gen:wider_source_inst|                              ; 83 (70)           ; 72 (65)      ; 0           ; 0            ; 0       ; 0         ; 0    ; 0            ; |Hex_top|hex_data:hex_data0|altsource_probe:in_system_sources_probes_0|altsource_probe_body:altsource_probe_body_inst|altsource_probe_impl:\wider_source_gen:wider_source_inst                                                                                               ; work         ;
;                |sld_rom_sr:\no_instance_id_gen:rom_info_inst|                                       ; 13 (13)           ; 7 (7)        ; 0           ; 0            ; 0       ; 0         ; 0    ; 0            ; |Hex_top|hex_data:hex_data0|altsource_probe:in_system_sources_probes_0|altsource_probe_body:altsource_probe_body_inst|altsource_probe_impl:\wider_source_gen:wider_source_inst|sld_rom_sr:\no_instance_id_gen:rom_info_inst                                                  ; work         ;
;    |sld_hub:auto_hub|                                                                               ; 111 (1)           ; 78 (0)       ; 0           ; 0            ; 0       ; 0         ; 0    ; 0            ; |Hex_top|sld_hub:auto_hub                                                                                                                                                                                                                                                    ; altera_sld   ;
;       |alt_sld_fab:\instrumentation_fabric_with_node_gen:fabric_gen_new_way:instrumentation_fabric| ; 110 (0)           ; 78 (0)       ; 0           ; 0            ; 0       ; 0         ; 0    ; 0            ; |Hex_top|sld_hub:auto_hub|alt_sld_fab:\instrumentation_fabric_with_node_gen:fabric_gen_new_way:instrumentation_fabric                                                                                                                                                        ; alt_sld_fab  ;
;          |alt_sld_fab_alt_sld_fab:alt_sld_fab|                                                      ; 110 (1)           ; 78 (5)       ; 0           ; 0            ; 0       ; 0         ; 0    ; 0            ; |Hex_top|sld_hub:auto_hub|alt_sld_fab:\instrumentation_fabric_with_node_gen:fabric_gen_new_way:instrumentation_fabric|alt_sld_fab_alt_sld_fab:alt_sld_fab                                                                                                                    ; alt_sld_fab  ;
;             |alt_sld_fab_alt_sld_fab_sldfabric:sldfabric|                                           ; 109 (0)           ; 73 (0)       ; 0           ; 0            ; 0       ; 0         ; 0    ; 0            ; |Hex_top|sld_hub:auto_hub|alt_sld_fab:\instrumentation_fabric_with_node_gen:fabric_gen_new_way:instrumentation_fabric|alt_sld_fab_alt_sld_fab:alt_sld_fab|alt_sld_fab_alt_sld_fab_sldfabric:sldfabric                                                                        ; alt_sld_fab  ;
;                |sld_jtag_hub:\jtag_hub_gen:real_sld_jtag_hub|                                       ; 109 (72)          ; 73 (45)      ; 0           ; 0            ; 0       ; 0         ; 0    ; 0            ; |Hex_top|sld_hub:auto_hub|alt_sld_fab:\instrumentation_fabric_with_node_gen:fabric_gen_new_way:instrumentation_fabric|alt_sld_fab_alt_sld_fab:alt_sld_fab|alt_sld_fab_alt_sld_fab_sldfabric:sldfabric|sld_jtag_hub:\jtag_hub_gen:real_sld_jtag_hub                           ; work         ;
;                   |sld_rom_sr:hub_info_reg|                                                         ; 19 (19)           ; 9 (9)        ; 0           ; 0            ; 0       ; 0         ; 0    ; 0            ; |Hex_top|sld_hub:auto_hub|alt_sld_fab:\instrumentation_fabric_with_node_gen:fabric_gen_new_way:instrumentation_fabric|alt_sld_fab_alt_sld_fab:alt_sld_fab|alt_sld_fab_alt_sld_fab_sldfabric:sldfabric|sld_jtag_hub:\jtag_hub_gen:real_sld_jtag_hub|sld_rom_sr:hub_info_reg   ; work         ;
;                   |sld_shadow_jsm:shadow_jsm|                                                       ; 18 (18)           ; 19 (19)      ; 0           ; 0            ; 0       ; 0         ; 0    ; 0            ; |Hex_top|sld_hub:auto_hub|alt_sld_fab:\instrumentation_fabric_with_node_gen:fabric_gen_new_way:instrumentation_fabric|alt_sld_fab_alt_sld_fab:alt_sld_fab|alt_sld_fab_alt_sld_fab_sldfabric:sldfabric|sld_jtag_hub:\jtag_hub_gen:real_sld_jtag_hub|sld_shadow_jsm:shadow_jsm ; altera_sld   ;
+-----------------------------------------------------------------------------------------------------+-------------------+--------------+-------------+--------------+---------+-----------+------+--------------+------------------------------------------------------------------------------------------------------------------------------------------------------------------------------------------------------------------------------------------------------------------------------+--------------+
Note: For table entries with two numbers listed, the numbers in parentheses indicate the number of resources of the given type used by the specific entity alone. The numbers listed outside of parentheses indicate the total resources of the given type used by the specific entity and all of its sub-entities in the hierarchy.


+-------------------------------------------------------------------------------------------------------------------------------------------------------------------------------------------------------------------------------------------------------------------------------------------------------------------------------------------------------------------------+
; Analysis & Synthesis IP Cores Summary                                                                                                                                                                                                                                                                                                                                   ;
+--------+---------------------------------+---------+--------------+--------------+-------------------------------------------------------------------------------------------------------------------------------------------------------------------------------------------------------+------------------------------------------------------------------------------+
; Vendor ; IP Core Name                    ; Version ; Release Date ; License Type ; Entity Instance                                                                                                                                                                                       ; IP Include File                                                              ;
+--------+---------------------------------+---------+--------------+--------------+-------------------------------------------------------------------------------------------------------------------------------------------------------------------------------------------------------+------------------------------------------------------------------------------+
; Altera ; Signal Tap                      ; N/A     ; N/A          ; Licensed     ; |Hex_top|sld_hub:auto_hub|alt_sld_fab:\instrumentation_fabric_with_node_gen:fabric_gen_new_way:instrumentation_fabric                                                                                 ;                                                                              ;
; Altera ; Signal Tap                      ; N/A     ; N/A          ; Licensed     ; |Hex_top|sld_hub:auto_hub|alt_sld_fab:\instrumentation_fabric_with_node_gen:fabric_gen_new_way:instrumentation_fabric|alt_sld_fab_alt_sld_fab:alt_sld_fab                                             ;                                                                              ;
; Altera ; Signal Tap                      ; N/A     ; N/A          ; Licensed     ; |Hex_top|sld_hub:auto_hub|alt_sld_fab:\instrumentation_fabric_with_node_gen:fabric_gen_new_way:instrumentation_fabric|alt_sld_fab_alt_sld_fab:alt_sld_fab|alt_sld_fab_alt_sld_fab_presplit:presplit   ;                                                                              ;
; Altera ; Signal Tap                      ; N/A     ; N/A          ; Licensed     ; |Hex_top|sld_hub:auto_hub|alt_sld_fab:\instrumentation_fabric_with_node_gen:fabric_gen_new_way:instrumentation_fabric|alt_sld_fab_alt_sld_fab:alt_sld_fab|alt_sld_fab_alt_sld_fab_sldfabric:sldfabric ;                                                                              ;
; Altera ; Signal Tap                      ; N/A     ; N/A          ; Licensed     ; |Hex_top|sld_hub:auto_hub|alt_sld_fab:\instrumentation_fabric_with_node_gen:fabric_gen_new_way:instrumentation_fabric|alt_sld_fab_alt_sld_fab:alt_sld_fab|alt_sld_fab_alt_sld_fab_splitter:splitter   ;                                                                              ;
; N/A    ; altera_in_system_sources_probes ; 15.0    ; N/A          ; N/A          ; |Hex_top|hex_data:hex_data0                                                                                                                                                                           ; E:/FPGA_Code/AC620_Draft/FPGA_Beginning/chapter3_class7/prj/IP/hex_data.qsys ;
+--------+---------------------------------+---------+--------------+--------------+-------------------------------------------------------------------------------------------------------------------------------------------------------------------------------------------------------+------------------------------------------------------------------------------+


+---------------------------------------------------------------------------------------------------+
; Registers Removed During Synthesis                                                                ;
+-------------------------------------------+-------------------------------------------------------+
; Register name                             ; Reason for Removal                                    ;
+-------------------------------------------+-------------------------------------------------------+
; Hex8_top:Hex8_top0|divder:divder_0|cnt[0] ; Merged with HC595_Driver:HC595_Driver0|divider_cnt[0] ;
; Hex8_top:Hex8_top0|divder:divder_0|cnt[1] ; Merged with HC595_Driver:HC595_Driver0|divider_cnt[1] ;
; Total Number of Removed Registers = 2     ;                                                       ;
+-------------------------------------------+-------------------------------------------------------+


+------------------------------------------------------+
; General Register Statistics                          ;
+----------------------------------------------+-------+
; Statistic                                    ; Value ;
+----------------------------------------------+-------+
; Total registers                              ; 213   ;
; Number of registers using Synchronous Clear  ; 12    ;
; Number of registers using Synchronous Load   ; 12    ;
; Number of registers using Asynchronous Clear ; 122   ;
; Number of registers using Asynchronous Load  ; 0     ;
; Number of registers using Clock Enable       ; 95    ;
; Number of registers using Preset             ; 0     ;
+----------------------------------------------+-------+


+--------------------------------------------------------------------------------------------------------------------------------------------------------------------------------------------------------------------------------------------------------------------+
; Inverted Register Statistics                                                                                                                                                                                                                                       ;
+----------------------------------------------------------------------------------------------------------------------------------------------------------------------------------------------------------------------------------------------------------+---------+
; Inverted Register                                                                                                                                                                                                                                        ; Fan out ;
+----------------------------------------------------------------------------------------------------------------------------------------------------------------------------------------------------------------------------------------------------------+---------+
; Hex8_top:Hex8_top0|shift8:shift8_0|sel_r[0]                                                                                                                                                                                                              ; 12      ;
; sld_hub:auto_hub|alt_sld_fab:\instrumentation_fabric_with_node_gen:fabric_gen_new_way:instrumentation_fabric|alt_sld_fab_alt_sld_fab:alt_sld_fab|alt_sld_fab_alt_sld_fab_sldfabric:sldfabric|sld_jtag_hub:\jtag_hub_gen:real_sld_jtag_hub|tdo            ; 1       ;
; sld_hub:auto_hub|alt_sld_fab:\instrumentation_fabric_with_node_gen:fabric_gen_new_way:instrumentation_fabric|alt_sld_fab_alt_sld_fab:alt_sld_fab|alt_sld_fab_alt_sld_fab_sldfabric:sldfabric|sld_jtag_hub:\jtag_hub_gen:real_sld_jtag_hub|jtag_ir_reg[2] ; 2       ;
; sld_hub:auto_hub|alt_sld_fab:\instrumentation_fabric_with_node_gen:fabric_gen_new_way:instrumentation_fabric|alt_sld_fab_alt_sld_fab:alt_sld_fab|alt_sld_fab_alt_sld_fab_sldfabric:sldfabric|sld_jtag_hub:\jtag_hub_gen:real_sld_jtag_hub|jtag_ir_reg[1] ; 3       ;
; Total number of inverted registers = 4                                                                                                                                                                                                                   ;         ;
+----------------------------------------------------------------------------------------------------------------------------------------------------------------------------------------------------------------------------------------------------------+---------+


+-----------------------------------------------------------------------------------------------------------------------------------------------------------------------------------------------------------------------------------------------------------------------------------------------------------------------------------------------------------+
; Multiplexer Restructuring Statistics (Restructuring Performed)                                                                                                                                                                                                                                                                                            ;
+--------------------+-----------+---------------+----------------------+------------------------+------------+---------------------------------------------------------------------------------------------------------------------------------------------------------------------------------------------------------------------------------------------+
; Multiplexer Inputs ; Bus Width ; Baseline Area ; Area if Restructured ; Saving if Restructured ; Registered ; Example Multiplexer Output                                                                                                                                                                                                                  ;
+--------------------+-----------+---------------+----------------------+------------------------+------------+---------------------------------------------------------------------------------------------------------------------------------------------------------------------------------------------------------------------------------------------+
; 3:1                ; 32 bits   ; 64 LEs        ; 32 LEs               ; 32 LEs                 ; Yes        ; |Hex_top|hex_data:hex_data0|altsource_probe:in_system_sources_probes_0|altsource_probe_body:altsource_probe_body_inst|altsource_probe_impl:\wider_source_gen:wider_source_inst|hold_reg[7]                                                  ;
; 4:1                ; 31 bits   ; 62 LEs        ; 31 LEs               ; 31 LEs                 ; Yes        ; |Hex_top|hex_data:hex_data0|altsource_probe:in_system_sources_probes_0|altsource_probe_body:altsource_probe_body_inst|altsource_probe_impl:\wider_source_gen:wider_source_inst|shift_reg[3]                                                 ;
; 5:1                ; 3 bits    ; 9 LEs         ; 3 LEs                ; 6 LEs                  ; Yes        ; |Hex_top|hex_data:hex_data0|altsource_probe:in_system_sources_probes_0|altsource_probe_body:altsource_probe_body_inst|altsource_probe_impl:\wider_source_gen:wider_source_inst|sld_rom_sr:\no_instance_id_gen:rom_info_inst|word_counter[2] ;
; 9:1                ; 4 bits    ; 24 LEs        ; 16 LEs               ; 8 LEs                  ; Yes        ; |Hex_top|hex_data:hex_data0|altsource_probe:in_system_sources_probes_0|altsource_probe_body:altsource_probe_body_inst|altsource_probe_impl:\wider_source_gen:wider_source_inst|sld_rom_sr:\no_instance_id_gen:rom_info_inst|WORD_SR[1]      ;
; 256:1              ; 4 bits    ; 680 LEs       ; 36 LEs               ; 644 LEs                ; No         ; |Hex_top|Hex8_top:Hex8_top0|mux8:mux8_0|Selector2                                                                                                                                                                                           ;
+--------------------+-----------+---------------+----------------------+------------------------+------------+---------------------------------------------------------------------------------------------------------------------------------------------------------------------------------------------------------------------------------------------+


+----------------------------------------------------------------------------------------------------------------------------------------------------------------------------------------------+
; Source assignments for hex_data:hex_data0|altsource_probe:in_system_sources_probes_0|altsource_probe_body:altsource_probe_body_inst|altsource_probe_impl:\wider_source_gen:wider_source_inst ;
+---------------------------------+-------+------+---------------------------------------------------------------------------------------------------------------------------------------------+
; Assignment                      ; Value ; From ; To                                                                                                                                          ;
+---------------------------------+-------+------+---------------------------------------------------------------------------------------------------------------------------------------------+
; NOT_GATE_PUSH_BACK              ; OFF   ; -    ; -                                                                                                                                           ;
; POWER_UP_LEVEL                  ; LOW   ; -    ; -                                                                                                                                           ;
; AUTO_SHIFT_REGISTER_RECOGNITION ; OFF   ; -    ; -                                                                                                                                           ;
; AUTO_CLOCK_ENABLE_RECOGNITION   ; OFF   ; -    ; hold_reg[0]                                                                                                                                 ;
; AUTO_CLOCK_ENABLE_RECOGNITION   ; OFF   ; -    ; hold_reg[31]                                                                                                                                ;
; AUTO_CLOCK_ENABLE_RECOGNITION   ; OFF   ; -    ; hold_reg[30]                                                                                                                                ;
; AUTO_CLOCK_ENABLE_RECOGNITION   ; OFF   ; -    ; hold_reg[29]                                                                                                                                ;
; AUTO_CLOCK_ENABLE_RECOGNITION   ; OFF   ; -    ; hold_reg[28]                                                                                                                                ;
; AUTO_CLOCK_ENABLE_RECOGNITION   ; OFF   ; -    ; hold_reg[27]                                                                                                                                ;
; AUTO_CLOCK_ENABLE_RECOGNITION   ; OFF   ; -    ; hold_reg[26]                                                                                                                                ;
; AUTO_CLOCK_ENABLE_RECOGNITION   ; OFF   ; -    ; hold_reg[25]                                                                                                                                ;
; AUTO_CLOCK_ENABLE_RECOGNITION   ; OFF   ; -    ; hold_reg[24]                                                                                                                                ;
; AUTO_CLOCK_ENABLE_RECOGNITION   ; OFF   ; -    ; hold_reg[23]                                                                                                                                ;
; AUTO_CLOCK_ENABLE_RECOGNITION   ; OFF   ; -    ; hold_reg[22]                                                                                                                                ;
; AUTO_CLOCK_ENABLE_RECOGNITION   ; OFF   ; -    ; hold_reg[21]                                                                                                                                ;
; AUTO_CLOCK_ENABLE_RECOGNITION   ; OFF   ; -    ; hold_reg[20]                                                                                                                                ;
; AUTO_CLOCK_ENABLE_RECOGNITION   ; OFF   ; -    ; hold_reg[19]                                                                                                                                ;
; AUTO_CLOCK_ENABLE_RECOGNITION   ; OFF   ; -    ; hold_reg[18]                                                                                                                                ;
; AUTO_CLOCK_ENABLE_RECOGNITION   ; OFF   ; -    ; hold_reg[17]                                                                                                                                ;
; AUTO_CLOCK_ENABLE_RECOGNITION   ; OFF   ; -    ; hold_reg[16]                                                                                                                                ;
; AUTO_CLOCK_ENABLE_RECOGNITION   ; OFF   ; -    ; hold_reg[15]                                                                                                                                ;
; AUTO_CLOCK_ENABLE_RECOGNITION   ; OFF   ; -    ; hold_reg[14]                                                                                                                                ;
; AUTO_CLOCK_ENABLE_RECOGNITION   ; OFF   ; -    ; hold_reg[13]                                                                                                                                ;
; AUTO_CLOCK_ENABLE_RECOGNITION   ; OFF   ; -    ; hold_reg[12]                                                                                                                                ;
; AUTO_CLOCK_ENABLE_RECOGNITION   ; OFF   ; -    ; hold_reg[11]                                                                                                                                ;
; AUTO_CLOCK_ENABLE_RECOGNITION   ; OFF   ; -    ; hold_reg[10]                                                                                                                                ;
; AUTO_CLOCK_ENABLE_RECOGNITION   ; OFF   ; -    ; hold_reg[9]                                                                                                                                 ;
; AUTO_CLOCK_ENABLE_RECOGNITION   ; OFF   ; -    ; hold_reg[8]                                                                                                                                 ;
; AUTO_CLOCK_ENABLE_RECOGNITION   ; OFF   ; -    ; hold_reg[7]                                                                                                                                 ;
; AUTO_CLOCK_ENABLE_RECOGNITION   ; OFF   ; -    ; hold_reg[6]                                                                                                                                 ;
; AUTO_CLOCK_ENABLE_RECOGNITION   ; OFF   ; -    ; hold_reg[5]                                                                                                                                 ;
; AUTO_CLOCK_ENABLE_RECOGNITION   ; OFF   ; -    ; hold_reg[4]                                                                                                                                 ;
; AUTO_CLOCK_ENABLE_RECOGNITION   ; OFF   ; -    ; hold_reg[3]                                                                                                                                 ;
; AUTO_CLOCK_ENABLE_RECOGNITION   ; OFF   ; -    ; hold_reg[2]                                                                                                                                 ;
; AUTO_CLOCK_ENABLE_RECOGNITION   ; OFF   ; -    ; hold_reg[1]                                                                                                                                 ;
+---------------------------------+-------+------+---------------------------------------------------------------------------------------------------------------------------------------------+


+------------------------------------------------------------------------------------------------------------+
; Parameter Settings for User Entity Instance: hex_data:hex_data0|altsource_probe:in_system_sources_probes_0 ;
+-------------------------+-----------------+----------------------------------------------------------------+
; Parameter Name          ; Value           ; Type                                                           ;
+-------------------------+-----------------+----------------------------------------------------------------+
; lpm_type                ; altsource_probe ; String                                                         ;
; lpm_hint                ; UNUSED          ; String                                                         ;
; sld_auto_instance_index ; YES             ; String                                                         ;
; sld_instance_index      ; 0               ; Signed Integer                                                 ;
; SLD_NODE_INFO           ; 4746752         ; Signed Integer                                                 ;
; sld_ir_width            ; 4               ; Signed Integer                                                 ;
; instance_id             ; NONE            ; String                                                         ;
; probe_width             ; 0               ; Signed Integer                                                 ;
; source_width            ; 32              ; Signed Integer                                                 ;
; source_initial_value    ; 0               ; String                                                         ;
; enable_metastability    ; NO              ; String                                                         ;
+-------------------------+-----------------+----------------------------------------------------------------+
Note: In order to hide this table in the UI and the text report file, please set the "Show Parameter Settings in Synthesis Report" option in "Analysis and Synthesis Settings -> More Settings" to "Off".


+-------------------------------------------------------------------------+
; Parameter Settings for User Entity Instance: HC595_Driver:HC595_Driver0 ;
+----------------+-------+------------------------------------------------+
; Parameter Name ; Value ; Type                                           ;
+----------------+-------+------------------------------------------------+
; DATA_WIDTH     ; 16    ; Signed Integer                                 ;
; CNT_MAX        ; 4     ; Signed Integer                                 ;
+----------------+-------+------------------------------------------------+
Note: In order to hide this table in the UI and the text report file, please set the "Show Parameter Settings in Synthesis Report" option in "Analysis and Synthesis Settings -> More Settings" to "Off".


+--------------------------------------------------------+
; Port Connectivity Checks: "HC595_Driver:HC595_Driver0" ;
+----------+-------+----------+--------------------------+
; Port     ; Type  ; Severity ; Details                  ;
+----------+-------+----------+--------------------------+
; Data[15] ; Input ; Info     ; Stuck at VCC             ;
; S_EN     ; Input ; Info     ; Stuck at VCC             ;
+----------+-------+----------+--------------------------+


+------------------------------------------------+
; Port Connectivity Checks: "Hex8_top:Hex8_top0" ;
+------+-------+----------+----------------------+
; Port ; Type  ; Severity ; Details              ;
+------+-------+----------+----------------------+
; en   ; Input ; Info     ; Stuck at VCC         ;
+------+-------+----------+----------------------+


+------------------------------------------------------------------------------------------------------------------------------------------------------------------------------------+
; Port Connectivity Checks: "hex_data:hex_data0|altsource_probe:in_system_sources_probes_0"                                                                                          ;
+-----------------+--------+----------+----------------------------------------------------------------------------------------------------------------------------------------------+
; Port            ; Type   ; Severity ; Details                                                                                                                                      ;
+-----------------+--------+----------+----------------------------------------------------------------------------------------------------------------------------------------------+
; source_ena      ; Input  ; Info     ; Stuck at VCC                                                                                                                                 ;
; probe           ; Input  ; Warning  ; Declared by entity but not connected by instance. If a default value exists, it will be used.  Otherwise, the port will be connected to GND. ;
; source_clk      ; Input  ; Warning  ; Declared by entity but not connected by instance. If a default value exists, it will be used.  Otherwise, the port will be connected to GND. ;
; raw_tck         ; Input  ; Warning  ; Declared by entity but not connected by instance. If a default value exists, it will be used.  Otherwise, the port will be connected to GND. ;
; tdi             ; Input  ; Warning  ; Declared by entity but not connected by instance. If a default value exists, it will be used.  Otherwise, the port will be connected to GND. ;
; usr1            ; Input  ; Warning  ; Declared by entity but not connected by instance. If a default value exists, it will be used.  Otherwise, the port will be connected to GND. ;
; jtag_state_cdr  ; Input  ; Warning  ; Declared by entity but not connected by instance. If a default value exists, it will be used.  Otherwise, the port will be connected to GND. ;
; jtag_state_sdr  ; Input  ; Warning  ; Declared by entity but not connected by instance. If a default value exists, it will be used.  Otherwise, the port will be connected to GND. ;
; jtag_state_e1dr ; Input  ; Warning  ; Declared by entity but not connected by instance. If a default value exists, it will be used.  Otherwise, the port will be connected to GND. ;
; jtag_state_udr  ; Input  ; Warning  ; Declared by entity but not connected by instance. If a default value exists, it will be used.  Otherwise, the port will be connected to GND. ;
; jtag_state_cir  ; Input  ; Warning  ; Declared by entity but not connected by instance. If a default value exists, it will be used.  Otherwise, the port will be connected to GND. ;
; jtag_state_uir  ; Input  ; Warning  ; Declared by entity but not connected by instance. If a default value exists, it will be used.  Otherwise, the port will be connected to GND. ;
; jtag_state_tlr  ; Input  ; Warning  ; Declared by entity but not connected by instance. If a default value exists, it will be used.  Otherwise, the port will be connected to GND. ;
; clr             ; Input  ; Warning  ; Declared by entity but not connected by instance. If a default value exists, it will be used.  Otherwise, the port will be connected to GND. ;
; ena             ; Input  ; Warning  ; Declared by entity but not connected by instance. If a default value exists, it will be used.  Otherwise, the port will be connected to GND. ;
; ir_in           ; Input  ; Warning  ; Declared by entity but not connected by instance. If a default value exists, it will be used.  Otherwise, the port will be connected to GND. ;
; ir_out          ; Output ; Warning  ; Declared by entity but not connected by instance. Logic that only feeds a dangling port will be removed.                                     ;
; tdo             ; Output ; Warning  ; Declared by entity but not connected by instance. Logic that only feeds a dangling port will be removed.                                     ;
+-----------------+--------+----------+----------------------------------------------------------------------------------------------------------------------------------------------+


+---------------------------------------------------------------------------------------------+
; Port Connectivity Checks: "hex_data:hex_data0"                                              ;
+-------+---------+------------------+--------------------------------------------------------+
; Port  ; Type    ; Severity         ; Details                                                ;
+-------+---------+------------------+--------------------------------------------------------+
; probe ; Unknown ; Critical Warning ; Named port was not declared by the instantiated entity ;
+-------+---------+------------------+--------------------------------------------------------+


+-----------------------------------------------------+
; Post-Synthesis Netlist Statistics for Top Partition ;
+-----------------------+-----------------------------+
; Type                  ; Count                       ;
+-----------------------+-----------------------------+
; boundary_port         ; 27                          ;
; cycloneiii_ff         ; 135                         ;
;     CLR               ; 59                          ;
;     CLR SLD           ; 1                           ;
;     ENA               ; 7                           ;
;     ENA CLR           ; 36                          ;
;     plain             ; 32                          ;
; cycloneiii_lcell_comb ; 206                         ;
;     arith             ; 33                          ;
;         2 data inputs ; 32                          ;
;         3 data inputs ; 1                           ;
;     normal            ; 173                         ;
;         0 data inputs ; 1                           ;
;         1 data inputs ; 5                           ;
;         2 data inputs ; 16                          ;
;         3 data inputs ; 81                          ;
;         4 data inputs ; 70                          ;
;                       ;                             ;
; Max LUT depth         ; 6.00                        ;
; Average LUT depth     ; 3.07                        ;
+-----------------------+-----------------------------+


+-------------------------------+
; Elapsed Time Per Partition    ;
+----------------+--------------+
; Partition Name ; Elapsed Time ;
+----------------+--------------+
; Top            ; 00:00:01     ;
+----------------+--------------+


+-------------------------------+
; Analysis & Synthesis Messages ;
+-------------------------------+
Info: *******************************************************************
Info: Running Quartus II 64-Bit Analysis & Synthesis
    Info: Version 15.0.0 Build 145 04/22/2015 SJ Full Version
    Info: Processing started: Tue Dec 15 16:35:15 2020
Info: Command: quartus_map --read_settings_files=on --write_settings_files=off Hex8_top -c Hex8_top
Info (20030): Parallel compilation is enabled and will use 4 of the 4 processors detected
Info (12248): Elaborating Qsys system entity "hex_data.qsys"
Info (12250): 2020.12.15.16:35:30 Progress: Loading IP/hex_data.qsys
Info (12250): 2020.12.15.16:35:34 Progress: Reading input file
Info (12250): 2020.12.15.16:35:34 Progress: Adding in_system_sources_probes_0 [altera_in_system_sources_probes 15.0]
Info (12250): 2020.12.15.16:35:35 Progress: Parameterizing module in_system_sources_probes_0
Info (12250): 2020.12.15.16:35:35 Progress: Building connections
Info (12250): 2020.12.15.16:35:35 Progress: Parameterizing connections
Info (12250): 2020.12.15.16:35:35 Progress: Validating
Info (12250): 2020.12.15.16:35:35 Progress: Done reading input file
Info (12250): Hex_data: Generating hex_data "hex_data" for QUARTUS_SYNTH
Info (12250): In_system_sources_probes_0: "hex_data" instantiated altera_in_system_sources_probes "in_system_sources_probes_0"
Info (12250): Hex_data: Done "hex_data" with 2 modules, 1 files
Info (12249): Finished elaborating Qsys system entity "hex_data.qsys"
Info (12021): Found 1 design units, including 1 entities, in source file /fpga_code/ac620_draft/fpga_beginning/chapter3_class7/rtl/hex8_top.v
    Info (12023): Found entity 1: Hex8_top
Info (12021): Found 1 design units, including 1 entities, in source file /fpga_code/ac620_draft/fpga_beginning/chapter3_class7/rtl/divder.v
    Info (12023): Found entity 1: divder
Info (12021): Found 1 design units, including 1 entities, in source file /fpga_code/ac620_draft/fpga_beginning/chapter3_class7/rtl/shift8.v
    Info (12023): Found entity 1: shift8
Info (12021): Found 1 design units, including 1 entities, in source file /fpga_code/ac620_draft/fpga_beginning/chapter3_class7/rtl/mux8.v
    Info (12023): Found entity 1: mux8
Info (12021): Found 1 design units, including 1 entities, in source file /fpga_code/ac620_draft/fpga_beginning/chapter3_class7/rtl/lut.v
    Info (12023): Found entity 1: lut
Info (12021): Found 1 design units, including 1 entities, in source file /fpga_code/ac620_draft/fpga_beginning/chapter3_class7/rtl/hex8_tb.v
    Info (12023): Found entity 1: Hex8_tb
Info (12021): Found 1 design units, including 1 entities, in source file /fpga_code/ac620_draft/fpga_beginning/chapter3_class7/rtl/hc595_driver.v
    Info (12023): Found entity 1: HC595_Driver
Info (12021): Found 1 design units, including 1 entities, in source file /fpga_code/ac620_draft/fpga_beginning/chapter3_class7/rtl/hex_top.v
    Info (12023): Found entity 1: Hex_top
Info (12021): Found 1 design units, including 1 entities, in source file db/ip/hex_data/hex_data.v
    Info (12023): Found entity 1: hex_data
Info (12127): Elaborating entity "Hex_top" for the top level hierarchy
Info (12128): Elaborating entity "hex_data" for hierarchy "hex_data:hex_data0"
Info (12128): Elaborating entity "altsource_probe" for hierarchy "hex_data:hex_data0|altsource_probe:in_system_sources_probes_0"
Info (12130): Elaborated megafunction instantiation "hex_data:hex_data0|altsource_probe:in_system_sources_probes_0"
Info (12133): Instantiated megafunction "hex_data:hex_data0|altsource_probe:in_system_sources_probes_0" with the following parameter:
    Info (12134): Parameter "sld_auto_instance_index" = "YES"
    Info (12134): Parameter "sld_instance_index" = "0"
    Info (12134): Parameter "instance_id" = "NONE"
    Info (12134): Parameter "probe_width" = "0"
    Info (12134): Parameter "source_width" = "32"
    Info (12134): Parameter "source_initial_value" = "0"
    Info (12134): Parameter "enable_metastability" = "NO"
Info (12128): Elaborating entity "sld_jtag_endpoint_adapter" for hierarchy "hex_data:hex_data0|altsource_probe:in_system_sources_probes_0|sld_jtag_endpoint_adapter:jtag_signal_adapter"
Info (12128): Elaborating entity "sld_jtag_endpoint_adapter_impl" for hierarchy "hex_data:hex_data0|altsource_probe:in_system_sources_probes_0|sld_jtag_endpoint_adapter:jtag_signal_adapter|sld_jtag_endpoint_adapter_impl:sld_jtag_endpoint_adapter_impl_inst"
Info (12128): Elaborating entity "altsource_probe_body" for hierarchy "hex_data:hex_data0|altsource_probe:in_system_sources_probes_0|altsource_probe_body:altsource_probe_body_inst"
Info (12128): Elaborating entity "altsource_probe_impl" for hierarchy "hex_data:hex_data0|altsource_probe:in_system_sources_probes_0|altsource_probe_body:altsource_probe_body_inst|altsource_probe_impl:\wider_source_gen:wider_source_inst"
Info (12128): Elaborating entity "sld_rom_sr" for hierarchy "hex_data:hex_data0|altsource_probe:in_system_sources_probes_0|altsource_probe_body:altsource_probe_body_inst|altsource_probe_impl:\wider_source_gen:wider_source_inst|sld_rom_sr:\no_instance_id_gen:rom_info_inst"
Info (12128): Elaborating entity "Hex8_top" for hierarchy "Hex8_top:Hex8_top0"
Info (12128): Elaborating entity "divder" for hierarchy "Hex8_top:Hex8_top0|divder:divder_0"
Info (12128): Elaborating entity "shift8" for hierarchy "Hex8_top:Hex8_top0|shift8:shift8_0"
Info (12128): Elaborating entity "mux8" for hierarchy "Hex8_top:Hex8_top0|mux8:mux8_0"
Info (10264): Verilog HDL Case Statement information at mux8.v(8): all case item expressions in this case statement are onehot
Info (12128): Elaborating entity "lut" for hierarchy "Hex8_top:Hex8_top0|lut:lut_0"
Info (12128): Elaborating entity "HC595_Driver" for hierarchy "HC595_Driver:HC595_Driver0"
Info (11170): Start IP generation for the debug fabric within sld_hub.
Info (11172): 2020.12.15.16:35:53 Progress: Loading sld227dfb7b/alt_sld_fab_wrapper_hw.tcl
Info (11172): Alt_sld_fab.alt_sld_fab: SLD fabric agents which did not specify prefer_host were connected to JTAG
Info (11172): Alt_sld_fab: Generating alt_sld_fab "alt_sld_fab" for QUARTUS_SYNTH
Info (11172): Alt_sld_fab: "alt_sld_fab" instantiated alt_sld_fab "alt_sld_fab"
Info (11172): Presplit: "alt_sld_fab" instantiated altera_super_splitter "presplit"
Info (11172): Splitter: "alt_sld_fab" instantiated altera_sld_splitter "splitter"
Info (11172): Sldfabric: "alt_sld_fab" instantiated altera_sld_jtag_hub "sldfabric"
Info (11172): Ident: "alt_sld_fab" instantiated altera_connection_identification_hub "ident"
Info (11172): Alt_sld_fab: Done "alt_sld_fab" with 6 modules, 6 files
Info (11171): Finished IP generation for the debug fabric within sld_hub.
Info (12021): Found 1 design units, including 1 entities, in source file db/ip/sld227dfb7b/alt_sld_fab.v
    Info (12023): Found entity 1: alt_sld_fab
Info (12021): Found 1 design units, including 1 entities, in source file db/ip/sld227dfb7b/submodules/alt_sld_fab_alt_sld_fab.v
    Info (12023): Found entity 1: alt_sld_fab_alt_sld_fab
Info (12021): Found 1 design units, including 1 entities, in source file db/ip/sld227dfb7b/submodules/alt_sld_fab_alt_sld_fab_ident.sv
    Info (12023): Found entity 1: alt_sld_fab_alt_sld_fab_ident
Info (12021): Found 1 design units, including 1 entities, in source file db/ip/sld227dfb7b/submodules/alt_sld_fab_alt_sld_fab_presplit.sv
    Info (12023): Found entity 1: alt_sld_fab_alt_sld_fab_presplit
Info (12021): Found 2 design units, including 1 entities, in source file db/ip/sld227dfb7b/submodules/alt_sld_fab_alt_sld_fab_sldfabric.vhd
    Info (12022): Found design unit 1: alt_sld_fab_alt_sld_fab_sldfabric-rtl
    Info (12023): Found entity 1: alt_sld_fab_alt_sld_fab_sldfabric
Info (12021): Found 1 design units, including 1 entities, in source file db/ip/sld227dfb7b/submodules/alt_sld_fab_alt_sld_fab_splitter.sv
    Info (12023): Found entity 1: alt_sld_fab_alt_sld_fab_splitter
Warning (12241): 2 hierarchies have connectivity warnings - see the Connectivity Checks report folder
Info (13000): Registers with preset signals will power-up high
Info (13003): DEV_CLRn pin will set, and not reset, register with preset signal due to NOT Gate Push-Back
Info (286031): Timing-Driven Synthesis is running on partition "Top"
Info (16010): Generating hard_block partition "hard_block:auto_generated_inst"
    Info (16011): Adding 0 node(s), including 0 DDIO, 0 PLL, 0 transceiver and 0 LCELL
Warning (21074): Design contains 1 input pin(s) that do not drive logic
    Warning (15610): No output dependent on input pin "en"
Info (21057): Implemented 369 device resources after synthesis - the final resource count might be different
    Info (21058): Implemented 6 input pins
    Info (21059): Implemented 4 output pins
    Info (21061): Implemented 358 logic cells
Info: Quartus II 64-Bit Analysis & Synthesis was successful. 0 errors, 3 warnings
    Info: Peak virtual memory: 4862 megabytes
    Info: Processing ended: Tue Dec 15 16:36:26 2020
    Info: Elapsed time: 00:01:11
    Info: Total CPU time (on all processors): 00:01:21


