Analysis & Synthesis report for uart_tx_top
Fri Dec 18 11:36:52 2020
Quartus II 64-Bit Version 15.0.0 Build 145 04/22/2015 SJ Full Version


---------------------
; Table of Contents ;
---------------------
  1. Legal Notice
  2. Analysis & Synthesis Summary
  3. Analysis & Synthesis Settings
  4. Parallel Compilation
  5. Analysis & Synthesis Source Files Read
  6. Analysis & Synthesis Resource Usage Summary
  7. Analysis & Synthesis Resource Utilization by Entity
  8. Analysis & Synthesis IP Cores Summary
  9. State Machine - |uart_tx_top|key_filter:key_filter|state
 10. Registers Removed During Synthesis
 11. General Register Statistics
 12. Inverted Register Statistics
 13. Multiplexer Restructuring Statistics (Restructuring Performed)
 14. Source assignments for uart_data:u0|altsource_probe:in_system_sources_probes_0|altsource_probe_body:altsource_probe_body_inst|altsource_probe_impl:\wider_source_gen:wider_source_inst
 15. Parameter Settings for User Entity Instance: key_filter:key_filter|counter:counter0|lpm_counter:LPM_COUNTER_component
 16. Parameter Settings for User Entity Instance: uart_data:u0|altsource_probe:in_system_sources_probes_0
 17. Port Connectivity Checks: "uart_data:u0|altsource_probe:in_system_sources_probes_0"
 18. Port Connectivity Checks: "uart_data:u0"
 19. Port Connectivity Checks: "uart_byte_tx:uart_byte_0"
 20. Port Connectivity Checks: "key_filter:key_filter|counter:counter0"
 21. Post-Synthesis Netlist Statistics for Top Partition
 22. Post-Synthesis Netlist Statistics for Partition sld_hub:auto_hub
 23. Elapsed Time Per Partition
 24. Analysis & Synthesis Messages



----------------
; Legal Notice ;
----------------
Copyright (C) 1991-2015 Altera Corporation. All rights reserved.
Your use of Altera Corporation's design tools, logic functions 
and other software and tools, and its AMPP partner logic 
functions, and any output files from any of the foregoing 
(including device programming or simulation files), and any 
associated documentation or information are expressly subject 
to the terms and conditions of the Altera Program License 
Subscription Agreement, the Altera Quartus II License Agreement,
the Altera MegaCore Function License Agreement, or other 
applicable license agreement, including, without limitation, 
that your use is for the sole purpose of programming logic 
devices manufactured by Altera and sold by Altera or its 
authorized distributors.  Please refer to the applicable 
agreement for further details.



+----------------------------------------------------------------------------------+
; Analysis & Synthesis Summary                                                     ;
+------------------------------------+---------------------------------------------+
; Analysis & Synthesis Status        ; Successful - Fri Dec 18 11:36:52 2020       ;
; Quartus II 64-Bit Version          ; 15.0.0 Build 145 04/22/2015 SJ Full Version ;
; Revision Name                      ; uart_tx_top                                 ;
; Top-level Entity Name              ; uart_tx_top                                 ;
; Family                             ; Cyclone IV E                                ;
; Total logic elements               ; 264                                         ;
;     Total combinational functions  ; 231                                         ;
;     Dedicated logic registers      ; 164                                         ;
; Total registers                    ; 164                                         ;
; Total pins                         ; 5                                           ;
; Total virtual pins                 ; 0                                           ;
; Total memory bits                  ; 0                                           ;
; Embedded Multiplier 9-bit elements ; 0                                           ;
; Total PLLs                         ; 0                                           ;
+------------------------------------+---------------------------------------------+


+----------------------------------------------------------------------------------------------------------------------+
; Analysis & Synthesis Settings                                                                                        ;
+----------------------------------------------------------------------------+--------------------+--------------------+
; Option                                                                     ; Setting            ; Default Value      ;
+----------------------------------------------------------------------------+--------------------+--------------------+
; Device                                                                     ; EP4CE10F17C8       ;                    ;
; Top-level entity name                                                      ; uart_tx_top        ; uart_tx_top        ;
; Family name                                                                ; Cyclone IV E       ; Cyclone V          ;
; Use smart compilation                                                      ; Off                ; Off                ;
; Enable parallel Assembler and TimeQuest Timing Analyzer during compilation ; On                 ; On                 ;
; Enable compact report table                                                ; Off                ; Off                ;
; Restructure Multiplexers                                                   ; Auto               ; Auto               ;
; Create Debugging Nodes for IP Cores                                        ; Off                ; Off                ;
; Preserve fewer node names                                                  ; On                 ; On                 ;
; Disable OpenCore Plus hardware evaluation                                  ; Off                ; Off                ;
; Verilog Version                                                            ; Verilog_2001       ; Verilog_2001       ;
; VHDL Version                                                               ; VHDL_1993          ; VHDL_1993          ;
; State Machine Processing                                                   ; Auto               ; Auto               ;
; Safe State Machine                                                         ; Off                ; Off                ;
; Extract Verilog State Machines                                             ; On                 ; On                 ;
; Extract VHDL State Machines                                                ; On                 ; On                 ;
; Ignore Verilog initial constructs                                          ; Off                ; Off                ;
; Iteration limit for constant Verilog loops                                 ; 5000               ; 5000               ;
; Iteration limit for non-constant Verilog loops                             ; 250                ; 250                ;
; Add Pass-Through Logic to Inferred RAMs                                    ; On                 ; On                 ;
; Infer RAMs from Raw Logic                                                  ; On                 ; On                 ;
; Parallel Synthesis                                                         ; On                 ; On                 ;
; DSP Block Balancing                                                        ; Auto               ; Auto               ;
; NOT Gate Push-Back                                                         ; On                 ; On                 ;
; Power-Up Don't Care                                                        ; On                 ; On                 ;
; Remove Redundant Logic Cells                                               ; Off                ; Off                ;
; Remove Duplicate Registers                                                 ; On                 ; On                 ;
; Ignore CARRY Buffers                                                       ; Off                ; Off                ;
; Ignore CASCADE Buffers                                                     ; Off                ; Off                ;
; Ignore GLOBAL Buffers                                                      ; Off                ; Off                ;
; Ignore ROW GLOBAL Buffers                                                  ; Off                ; Off                ;
; Ignore LCELL Buffers                                                       ; Off                ; Off                ;
; Ignore SOFT Buffers                                                        ; On                 ; On                 ;
; Limit AHDL Integers to 32 Bits                                             ; Off                ; Off                ;
; Optimization Technique                                                     ; Balanced           ; Balanced           ;
; Carry Chain Length                                                         ; 70                 ; 70                 ;
; Auto Carry Chains                                                          ; On                 ; On                 ;
; Auto Open-Drain Pins                                                       ; On                 ; On                 ;
; Perform WYSIWYG Primitive Resynthesis                                      ; Off                ; Off                ;
; Auto ROM Replacement                                                       ; On                 ; On                 ;
; Auto RAM Replacement                                                       ; On                 ; On                 ;
; Auto DSP Block Replacement                                                 ; On                 ; On                 ;
; Auto Shift Register Replacement                                            ; Auto               ; Auto               ;
; Allow Shift Register Merging across Hierarchies                            ; Auto               ; Auto               ;
; Auto Clock Enable Replacement                                              ; On                 ; On                 ;
; Strict RAM Replacement                                                     ; Off                ; Off                ;
; Allow Synchronous Control Signals                                          ; On                 ; On                 ;
; Force Use of Synchronous Clear Signals                                     ; Off                ; Off                ;
; Auto RAM Block Balancing                                                   ; On                 ; On                 ;
; Auto RAM to Logic Cell Conversion                                          ; Off                ; Off                ;
; Auto Resource Sharing                                                      ; Off                ; Off                ;
; Allow Any RAM Size For Recognition                                         ; Off                ; Off                ;
; Allow Any ROM Size For Recognition                                         ; Off                ; Off                ;
; Allow Any Shift Register Size For Recognition                              ; Off                ; Off                ;
; Use LogicLock Constraints during Resource Balancing                        ; On                 ; On                 ;
; Ignore translate_off and synthesis_off directives                          ; Off                ; Off                ;
; Timing-Driven Synthesis                                                    ; On                 ; On                 ;
; Report Parameter Settings                                                  ; On                 ; On                 ;
; Report Source Assignments                                                  ; On                 ; On                 ;
; Report Connectivity Checks                                                 ; On                 ; On                 ;
; Ignore Maximum Fan-Out Assignments                                         ; Off                ; Off                ;
; Synchronization Register Chain Length                                      ; 2                  ; 2                  ;
; PowerPlay Power Optimization During Synthesis                              ; Normal compilation ; Normal compilation ;
; HDL message level                                                          ; Level2             ; Level2             ;
; Suppress Register Optimization Related Messages                            ; Off                ; Off                ;
; Number of Removed Registers Reported in Synthesis Report                   ; 5000               ; 5000               ;
; Number of Swept Nodes Reported in Synthesis Report                         ; 5000               ; 5000               ;
; Number of Inverted Registers Reported in Synthesis Report                  ; 100                ; 100                ;
; Clock MUX Protection                                                       ; On                 ; On                 ;
; Auto Gated Clock Conversion                                                ; Off                ; Off                ;
; Block Design Naming                                                        ; Auto               ; Auto               ;
; SDC constraint protection                                                  ; Off                ; Off                ;
; Synthesis Effort                                                           ; Auto               ; Auto               ;
; Shift Register Replacement - Allow Asynchronous Clear Signal               ; On                 ; On                 ;
; Pre-Mapping Resynthesis Optimization                                       ; Off                ; Off                ;
; Analysis & Synthesis Message Level                                         ; Medium             ; Medium             ;
; Disable Register Merging Across Hierarchies                                ; Auto               ; Auto               ;
; Resource Aware Inference For Block RAM                                     ; On                 ; On                 ;
; Synthesis Seed                                                             ; 1                  ; 1                  ;
+----------------------------------------------------------------------------+--------------------+--------------------+


+------------------------------------------+
; Parallel Compilation                     ;
+----------------------------+-------------+
; Processors                 ; Number      ;
+----------------------------+-------------+
; Number detected on machine ; 4           ;
; Maximum allowed            ; 4           ;
;                            ;             ;
; Average used               ; 1.00        ;
; Maximum used               ; 2           ;
;                            ;             ;
; Usage by Processor         ; % Time Used ;
;     Processor 1            ; 100.0%      ;
;     Processor 2            ; < 0.1%      ;
;     Processors 3-4         ;   0.0%      ;
+----------------------------+-------------+


+---------------------------------------------------------------------------------------------------------------------------------------------------------------------------------------------------------------------------------------------------------------------------------------------------------------------------+
; Analysis & Synthesis Source Files Read                                                                                                                                                                                                                                                                                    ;
+--------------------------------------------------------------------------------------------------+-----------------+----------------------------------------------+-----------------------------------------------------------------------------------------------------------------------------------------+-------------+
; File Name with User-Entered Path                                                                 ; Used in Netlist ; File Type                                    ; File Name with Absolute Path                                                                                                            ; Library     ;
+--------------------------------------------------------------------------------------------------+-----------------+----------------------------------------------+-----------------------------------------------------------------------------------------------------------------------------------------+-------------+
; ../../module/sync_trigger.v                                                                      ; yes             ; User Verilog HDL File                        ; E:/FPGA_Code/AC620_Draft/FPGA_Beginning/module/sync_trigger.v                                                                           ;             ;
; ../../module/key_filter.v                                                                        ; yes             ; User Verilog HDL File                        ; E:/FPGA_Code/AC620_Draft/FPGA_Beginning/module/key_filter.v                                                                             ;             ;
; ../../module/edge_tell.v                                                                         ; yes             ; User Verilog HDL File                        ; E:/FPGA_Code/AC620_Draft/FPGA_Beginning/module/edge_tell.v                                                                              ;             ;
; ../rtl/uart_tx_top.v                                                                             ; yes             ; User Verilog HDL File                        ; E:/FPGA_Code/AC620_Draft/FPGA_Beginning/chapter3_class8(uart_tx)/rtl/uart_tx_top.v                                                      ;             ;
; ip/counter.v                                                                                     ; yes             ; User Wizard-Generated File                   ; E:/FPGA_Code/AC620_Draft/FPGA_Beginning/chapter3_class8(uart_tx)/prj/ip/counter.v                                                       ;             ;
; ../rtl/uart_byte_tx.v                                                                            ; yes             ; User Verilog HDL File                        ; E:/FPGA_Code/AC620_Draft/FPGA_Beginning/chapter3_class8(uart_tx)/rtl/uart_byte_tx.v                                                     ;             ;
; ../testbench/uart_byte_tx_tb.v                                                                   ; yes             ; User Verilog HDL File                        ; E:/FPGA_Code/AC620_Draft/FPGA_Beginning/chapter3_class8(uart_tx)/testbench/uart_byte_tx_tb.v                                            ;             ;
; ../testbench/uart_tx_top_tb.v                                                                    ; yes             ; User Verilog HDL File                        ; E:/FPGA_Code/AC620_Draft/FPGA_Beginning/chapter3_class8(uart_tx)/testbench/uart_tx_top_tb.v                                             ;             ;
; e:/fpga_code/ac620_draft/fpga_beginning/chapter3_class8(uart_tx)/prj/db/ip/uart_data/uart_data.v ; yes             ; Auto-Found Verilog HDL File                  ; e:/fpga_code/ac620_draft/fpga_beginning/chapter3_class8(uart_tx)/prj/db/ip/uart_data/uart_data.v                                        ; uart_data   ;
; lpm_counter.tdf                                                                                  ; yes             ; Megafunction                                 ; d:/altera/15.0/quartus/libraries/megafunctions/lpm_counter.tdf                                                                          ;             ;
; lpm_constant.inc                                                                                 ; yes             ; Megafunction                                 ; d:/altera/15.0/quartus/libraries/megafunctions/lpm_constant.inc                                                                         ;             ;
; lpm_decode.inc                                                                                   ; yes             ; Megafunction                                 ; d:/altera/15.0/quartus/libraries/megafunctions/lpm_decode.inc                                                                           ;             ;
; lpm_add_sub.inc                                                                                  ; yes             ; Megafunction                                 ; d:/altera/15.0/quartus/libraries/megafunctions/lpm_add_sub.inc                                                                          ;             ;
; cmpconst.inc                                                                                     ; yes             ; Megafunction                                 ; d:/altera/15.0/quartus/libraries/megafunctions/cmpconst.inc                                                                             ;             ;
; lpm_compare.inc                                                                                  ; yes             ; Megafunction                                 ; d:/altera/15.0/quartus/libraries/megafunctions/lpm_compare.inc                                                                          ;             ;
; lpm_counter.inc                                                                                  ; yes             ; Megafunction                                 ; d:/altera/15.0/quartus/libraries/megafunctions/lpm_counter.inc                                                                          ;             ;
; dffeea.inc                                                                                       ; yes             ; Megafunction                                 ; d:/altera/15.0/quartus/libraries/megafunctions/dffeea.inc                                                                               ;             ;
; alt_counter_stratix.inc                                                                          ; yes             ; Megafunction                                 ; d:/altera/15.0/quartus/libraries/megafunctions/alt_counter_stratix.inc                                                                  ;             ;
; aglobal150.inc                                                                                   ; yes             ; Megafunction                                 ; d:/altera/15.0/quartus/libraries/megafunctions/aglobal150.inc                                                                           ;             ;
; db/cntr_rtk.tdf                                                                                  ; yes             ; Auto-Generated Megafunction                  ; E:/FPGA_Code/AC620_Draft/FPGA_Beginning/chapter3_class8(uart_tx)/prj/db/cntr_rtk.tdf                                                    ;             ;
; db/cmpr_8ic.tdf                                                                                  ; yes             ; Auto-Generated Megafunction                  ; E:/FPGA_Code/AC620_Draft/FPGA_Beginning/chapter3_class8(uart_tx)/prj/db/cmpr_8ic.tdf                                                    ;             ;
; altsource_probe.v                                                                                ; yes             ; Megafunction                                 ; d:/altera/15.0/quartus/libraries/megafunctions/altsource_probe.v                                                                        ;             ;
; sld_jtag_endpoint_adapter.vhd                                                                    ; yes             ; Encrypted Megafunction                       ; d:/altera/15.0/quartus/libraries/megafunctions/sld_jtag_endpoint_adapter.vhd                                                            ;             ;
; sld_jtag_endpoint_adapter_impl.sv                                                                ; yes             ; Encrypted Megafunction                       ; d:/altera/15.0/quartus/libraries/megafunctions/sld_jtag_endpoint_adapter_impl.sv                                                        ;             ;
; altsource_probe_body.vhd                                                                         ; yes             ; Megafunction                                 ; d:/altera/15.0/quartus/libraries/megafunctions/altsource_probe_body.vhd                                                                 ;             ;
; sld_rom_sr.vhd                                                                                   ; yes             ; Encrypted Megafunction                       ; d:/altera/15.0/quartus/libraries/megafunctions/sld_rom_sr.vhd                                                                           ;             ;
; sld_hub.vhd                                                                                      ; yes             ; Encrypted Megafunction                       ; d:/altera/15.0/quartus/libraries/megafunctions/sld_hub.vhd                                                                              ; altera_sld  ;
; db/ip/sld2d299352/alt_sld_fab.v                                                                  ; yes             ; Encrypted Auto-Found Verilog HDL File        ; E:/FPGA_Code/AC620_Draft/FPGA_Beginning/chapter3_class8(uart_tx)/prj/db/ip/sld2d299352/alt_sld_fab.v                                    ; alt_sld_fab ;
; db/ip/sld2d299352/submodules/alt_sld_fab_alt_sld_fab.v                                           ; yes             ; Encrypted Auto-Found Verilog HDL File        ; E:/FPGA_Code/AC620_Draft/FPGA_Beginning/chapter3_class8(uart_tx)/prj/db/ip/sld2d299352/submodules/alt_sld_fab_alt_sld_fab.v             ; alt_sld_fab ;
; db/ip/sld2d299352/submodules/alt_sld_fab_alt_sld_fab_ident.sv                                    ; yes             ; Auto-Found SystemVerilog HDL File            ; E:/FPGA_Code/AC620_Draft/FPGA_Beginning/chapter3_class8(uart_tx)/prj/db/ip/sld2d299352/submodules/alt_sld_fab_alt_sld_fab_ident.sv      ; alt_sld_fab ;
; db/ip/sld2d299352/submodules/alt_sld_fab_alt_sld_fab_presplit.sv                                 ; yes             ; Encrypted Auto-Found SystemVerilog HDL File  ; E:/FPGA_Code/AC620_Draft/FPGA_Beginning/chapter3_class8(uart_tx)/prj/db/ip/sld2d299352/submodules/alt_sld_fab_alt_sld_fab_presplit.sv   ; alt_sld_fab ;
; db/ip/sld2d299352/submodules/alt_sld_fab_alt_sld_fab_sldfabric.vhd                               ; yes             ; Encrypted Auto-Found VHDL File               ; E:/FPGA_Code/AC620_Draft/FPGA_Beginning/chapter3_class8(uart_tx)/prj/db/ip/sld2d299352/submodules/alt_sld_fab_alt_sld_fab_sldfabric.vhd ; alt_sld_fab ;
; db/ip/sld2d299352/submodules/alt_sld_fab_alt_sld_fab_splitter.sv                                 ; yes             ; Encrypted Auto-Found SystemVerilog HDL File  ; E:/FPGA_Code/AC620_Draft/FPGA_Beginning/chapter3_class8(uart_tx)/prj/db/ip/sld2d299352/submodules/alt_sld_fab_alt_sld_fab_splitter.sv   ; alt_sld_fab ;
; sld_jtag_hub.vhd                                                                                 ; yes             ; Encrypted Megafunction                       ; d:/altera/15.0/quartus/libraries/megafunctions/sld_jtag_hub.vhd                                                                         ;             ;
+--------------------------------------------------------------------------------------------------+-----------------+----------------------------------------------+-----------------------------------------------------------------------------------------------------------------------------------------+-------------+


+------------------------------------------------------------------------+
; Analysis & Synthesis Resource Usage Summary                            ;
+---------------------------------------------+--------------------------+
; Resource                                    ; Usage                    ;
+---------------------------------------------+--------------------------+
; Estimated Total logic elements              ; 264                      ;
;                                             ;                          ;
; Total combinational functions               ; 231                      ;
; Logic element usage by number of LUT inputs ;                          ;
;     -- 4 input functions                    ; 89                       ;
;     -- 3 input functions                    ; 56                       ;
;     -- <=2 input functions                  ; 86                       ;
;                                             ;                          ;
; Logic elements by mode                      ;                          ;
;     -- normal mode                          ; 185                      ;
;     -- arithmetic mode                      ; 46                       ;
;                                             ;                          ;
; Total registers                             ; 164                      ;
;     -- Dedicated logic registers            ; 164                      ;
;     -- I/O registers                        ; 0                        ;
;                                             ;                          ;
; I/O pins                                    ; 5                        ;
;                                             ;                          ;
; Embedded Multiplier 9-bit elements          ; 0                        ;
;                                             ;                          ;
; Maximum fan-out node                        ; altera_internal_jtag~TDO ;
; Maximum fan-out                             ; 125                      ;
; Total fan-out                               ; 1273                     ;
; Average fan-out                             ; 3.07                     ;
+---------------------------------------------+--------------------------+


+-------------------------------------------------------------------------------------------------------------------------------------------------------------------------------------------------------------------------------------------------------------------------------------------------------------------------------------------------------------------------------------------------------------------------------------------------------------------------------------------------------------------+
; Analysis & Synthesis Resource Utilization by Entity                                                                                                                                                                                                                                                                                                                                                                                                                                                               ;
+-----------------------------------------------------------------------------------------------------+-------------------+--------------+-------------+--------------+---------+-----------+------+--------------+----------------------------------------------------------------------------------------------------------------------------------------------------------------------------------------------------------------------------------------------------------------------------------+--------------+
; Compilation Hierarchy Node                                                                          ; LC Combinationals ; LC Registers ; Memory Bits ; DSP Elements ; DSP 9x9 ; DSP 18x18 ; Pins ; Virtual Pins ; Full Hierarchy Name                                                                                                                                                                                                                                                              ; Library Name ;
+-----------------------------------------------------------------------------------------------------+-------------------+--------------+-------------+--------------+---------+-----------+------+--------------+----------------------------------------------------------------------------------------------------------------------------------------------------------------------------------------------------------------------------------------------------------------------------------+--------------+
; |uart_tx_top                                                                                        ; 231 (3)           ; 164 (0)      ; 0           ; 0            ; 0       ; 0         ; 5    ; 0            ; |uart_tx_top                                                                                                                                                                                                                                                                     ; work         ;
;    |key_filter:key_filter|                                                                          ; 43 (14)           ; 31 (7)       ; 0           ; 0            ; 0       ; 0         ; 0    ; 0            ; |uart_tx_top|key_filter:key_filter                                                                                                                                                                                                                                               ; work         ;
;       |counter:counter0|                                                                            ; 28 (0)            ; 20 (0)       ; 0           ; 0            ; 0       ; 0         ; 0    ; 0            ; |uart_tx_top|key_filter:key_filter|counter:counter0                                                                                                                                                                                                                              ; work         ;
;          |lpm_counter:LPM_COUNTER_component|                                                        ; 28 (0)            ; 20 (0)       ; 0           ; 0            ; 0       ; 0         ; 0    ; 0            ; |uart_tx_top|key_filter:key_filter|counter:counter0|lpm_counter:LPM_COUNTER_component                                                                                                                                                                                            ; work         ;
;             |cntr_rtk:auto_generated|                                                               ; 28 (22)           ; 20 (20)      ; 0           ; 0            ; 0       ; 0         ; 0    ; 0            ; |uart_tx_top|key_filter:key_filter|counter:counter0|lpm_counter:LPM_COUNTER_component|cntr_rtk:auto_generated                                                                                                                                                                    ; work         ;
;                |cmpr_8ic:cmpr1|                                                                     ; 6 (6)             ; 0 (0)        ; 0           ; 0            ; 0       ; 0         ; 0    ; 0            ; |uart_tx_top|key_filter:key_filter|counter:counter0|lpm_counter:LPM_COUNTER_component|cntr_rtk:auto_generated|cmpr_8ic:cmpr1                                                                                                                                                     ; work         ;
;       |edge_tell:edge_ins|                                                                          ; 1 (1)             ; 2 (2)        ; 0           ; 0            ; 0       ; 0         ; 0    ; 0            ; |uart_tx_top|key_filter:key_filter|edge_tell:edge_ins                                                                                                                                                                                                                            ; work         ;
;       |sync_trigger:sync_ins|                                                                       ; 0 (0)             ; 2 (2)        ; 0           ; 0            ; 0       ; 0         ; 0    ; 0            ; |uart_tx_top|key_filter:key_filter|sync_trigger:sync_ins                                                                                                                                                                                                                         ; work         ;
;    |sld_hub:auto_hub|                                                                               ; 114 (1)           ; 78 (0)       ; 0           ; 0            ; 0       ; 0         ; 0    ; 0            ; |uart_tx_top|sld_hub:auto_hub                                                                                                                                                                                                                                                    ; altera_sld   ;
;       |alt_sld_fab:\instrumentation_fabric_with_node_gen:fabric_gen_new_way:instrumentation_fabric| ; 113 (0)           ; 78 (0)       ; 0           ; 0            ; 0       ; 0         ; 0    ; 0            ; |uart_tx_top|sld_hub:auto_hub|alt_sld_fab:\instrumentation_fabric_with_node_gen:fabric_gen_new_way:instrumentation_fabric                                                                                                                                                        ; alt_sld_fab  ;
;          |alt_sld_fab_alt_sld_fab:alt_sld_fab|                                                      ; 113 (1)           ; 78 (5)       ; 0           ; 0            ; 0       ; 0         ; 0    ; 0            ; |uart_tx_top|sld_hub:auto_hub|alt_sld_fab:\instrumentation_fabric_with_node_gen:fabric_gen_new_way:instrumentation_fabric|alt_sld_fab_alt_sld_fab:alt_sld_fab                                                                                                                    ; alt_sld_fab  ;
;             |alt_sld_fab_alt_sld_fab_sldfabric:sldfabric|                                           ; 112 (0)           ; 73 (0)       ; 0           ; 0            ; 0       ; 0         ; 0    ; 0            ; |uart_tx_top|sld_hub:auto_hub|alt_sld_fab:\instrumentation_fabric_with_node_gen:fabric_gen_new_way:instrumentation_fabric|alt_sld_fab_alt_sld_fab:alt_sld_fab|alt_sld_fab_alt_sld_fab_sldfabric:sldfabric                                                                        ; alt_sld_fab  ;
;                |sld_jtag_hub:\jtag_hub_gen:real_sld_jtag_hub|                                       ; 112 (75)          ; 73 (45)      ; 0           ; 0            ; 0       ; 0         ; 0    ; 0            ; |uart_tx_top|sld_hub:auto_hub|alt_sld_fab:\instrumentation_fabric_with_node_gen:fabric_gen_new_way:instrumentation_fabric|alt_sld_fab_alt_sld_fab:alt_sld_fab|alt_sld_fab_alt_sld_fab_sldfabric:sldfabric|sld_jtag_hub:\jtag_hub_gen:real_sld_jtag_hub                           ; work         ;
;                   |sld_rom_sr:hub_info_reg|                                                         ; 19 (19)           ; 9 (9)        ; 0           ; 0            ; 0       ; 0         ; 0    ; 0            ; |uart_tx_top|sld_hub:auto_hub|alt_sld_fab:\instrumentation_fabric_with_node_gen:fabric_gen_new_way:instrumentation_fabric|alt_sld_fab_alt_sld_fab:alt_sld_fab|alt_sld_fab_alt_sld_fab_sldfabric:sldfabric|sld_jtag_hub:\jtag_hub_gen:real_sld_jtag_hub|sld_rom_sr:hub_info_reg   ; work         ;
;                   |sld_shadow_jsm:shadow_jsm|                                                       ; 18 (18)           ; 19 (19)      ; 0           ; 0            ; 0       ; 0         ; 0    ; 0            ; |uart_tx_top|sld_hub:auto_hub|alt_sld_fab:\instrumentation_fabric_with_node_gen:fabric_gen_new_way:instrumentation_fabric|alt_sld_fab_alt_sld_fab:alt_sld_fab|alt_sld_fab_alt_sld_fab_sldfabric:sldfabric|sld_jtag_hub:\jtag_hub_gen:real_sld_jtag_hub|sld_shadow_jsm:shadow_jsm ; altera_sld   ;
;    |uart_byte_tx:uart_byte_0|                                                                       ; 35 (35)           ; 31 (31)      ; 0           ; 0            ; 0       ; 0         ; 0    ; 0            ; |uart_tx_top|uart_byte_tx:uart_byte_0                                                                                                                                                                                                                                            ; work         ;
;    |uart_data:u0|                                                                                   ; 36 (0)            ; 24 (0)       ; 0           ; 0            ; 0       ; 0         ; 0    ; 0            ; |uart_tx_top|uart_data:u0                                                                                                                                                                                                                                                        ; uart_data    ;
;       |altsource_probe:in_system_sources_probes_0|                                                  ; 36 (0)            ; 24 (0)       ; 0           ; 0            ; 0       ; 0         ; 0    ; 0            ; |uart_tx_top|uart_data:u0|altsource_probe:in_system_sources_probes_0                                                                                                                                                                                                             ; work         ;
;          |altsource_probe_body:altsource_probe_body_inst|                                           ; 36 (4)            ; 24 (0)       ; 0           ; 0            ; 0       ; 0         ; 0    ; 0            ; |uart_tx_top|uart_data:u0|altsource_probe:in_system_sources_probes_0|altsource_probe_body:altsource_probe_body_inst                                                                                                                                                              ; work         ;
;             |altsource_probe_impl:\wider_source_gen:wider_source_inst|                              ; 32 (22)           ; 24 (17)      ; 0           ; 0            ; 0       ; 0         ; 0    ; 0            ; |uart_tx_top|uart_data:u0|altsource_probe:in_system_sources_probes_0|altsource_probe_body:altsource_probe_body_inst|altsource_probe_impl:\wider_source_gen:wider_source_inst                                                                                                     ; work         ;
;                |sld_rom_sr:\no_instance_id_gen:rom_info_inst|                                       ; 10 (10)           ; 7 (7)        ; 0           ; 0            ; 0       ; 0         ; 0    ; 0            ; |uart_tx_top|uart_data:u0|altsource_probe:in_system_sources_probes_0|altsource_probe_body:altsource_probe_body_inst|altsource_probe_impl:\wider_source_gen:wider_source_inst|sld_rom_sr:\no_instance_id_gen:rom_info_inst                                                        ; work         ;
+-----------------------------------------------------------------------------------------------------+-------------------+--------------+-------------+--------------+---------+-----------+------+--------------+----------------------------------------------------------------------------------------------------------------------------------------------------------------------------------------------------------------------------------------------------------------------------------+--------------+
Note: For table entries with two numbers listed, the numbers in parentheses indicate the number of resources of the given type used by the specific entity alone. The numbers listed outside of parentheses indicate the total resources of the given type used by the specific entity and all of its sub-entities in the hierarchy.


+---------------------------------------------------------------------------------------------------------------------------------------------------------------------------------------------------------------------------------------------------------------------------------------------------------------------------------------------------------------------------------------+
; Analysis & Synthesis IP Cores Summary                                                                                                                                                                                                                                                                                                                                                 ;
+--------+---------------------------------+---------+--------------+--------------+-----------------------------------------------------------------------------------------------------------------------------------------------------------------------------------------------------------+----------------------------------------------------------------------------------------+
; Vendor ; IP Core Name                    ; Version ; Release Date ; License Type ; Entity Instance                                                                                                                                                                                           ; IP Include File                                                                        ;
+--------+---------------------------------+---------+--------------+--------------+-----------------------------------------------------------------------------------------------------------------------------------------------------------------------------------------------------------+----------------------------------------------------------------------------------------+
; Altera ; Signal Tap                      ; N/A     ; N/A          ; Licensed     ; |uart_tx_top|sld_hub:auto_hub|alt_sld_fab:\instrumentation_fabric_with_node_gen:fabric_gen_new_way:instrumentation_fabric                                                                                 ;                                                                                        ;
; Altera ; Signal Tap                      ; N/A     ; N/A          ; Licensed     ; |uart_tx_top|sld_hub:auto_hub|alt_sld_fab:\instrumentation_fabric_with_node_gen:fabric_gen_new_way:instrumentation_fabric|alt_sld_fab_alt_sld_fab:alt_sld_fab                                             ;                                                                                        ;
; Altera ; Signal Tap                      ; N/A     ; N/A          ; Licensed     ; |uart_tx_top|sld_hub:auto_hub|alt_sld_fab:\instrumentation_fabric_with_node_gen:fabric_gen_new_way:instrumentation_fabric|alt_sld_fab_alt_sld_fab:alt_sld_fab|alt_sld_fab_alt_sld_fab_presplit:presplit   ;                                                                                        ;
; Altera ; Signal Tap                      ; N/A     ; N/A          ; Licensed     ; |uart_tx_top|sld_hub:auto_hub|alt_sld_fab:\instrumentation_fabric_with_node_gen:fabric_gen_new_way:instrumentation_fabric|alt_sld_fab_alt_sld_fab:alt_sld_fab|alt_sld_fab_alt_sld_fab_sldfabric:sldfabric ;                                                                                        ;
; Altera ; Signal Tap                      ; N/A     ; N/A          ; Licensed     ; |uart_tx_top|sld_hub:auto_hub|alt_sld_fab:\instrumentation_fabric_with_node_gen:fabric_gen_new_way:instrumentation_fabric|alt_sld_fab_alt_sld_fab:alt_sld_fab|alt_sld_fab_alt_sld_fab_splitter:splitter   ;                                                                                        ;
; Altera ; LPM_COUNTER                     ; 15.0    ; N/A          ; N/A          ; |uart_tx_top|key_filter:key_filter|counter:counter0                                                                                                                                                       ; ip/counter.v                                                                           ;
; N/A    ; altera_in_system_sources_probes ; 15.0    ; N/A          ; N/A          ; |uart_tx_top|uart_data:u0                                                                                                                                                                                 ; E:/FPGA_Code/AC620_Draft/FPGA_Beginning/chapter3_class8(uart_tx)/prj/ip/uart_data.qsys ;
+--------+---------------------------------+---------+--------------+--------------+-----------------------------------------------------------------------------------------------------------------------------------------------------------------------------------------------------------+----------------------------------------------------------------------------------------+


Encoding Type:  One-Hot
+-------------------------------------------------------------------------+
; State Machine - |uart_tx_top|key_filter:key_filter|state                ;
+---------------+---------------+------------+---------------+------------+
; Name          ; state.FILTER1 ; state.DOWN ; state.FILTER0 ; state.IDLE ;
+---------------+---------------+------------+---------------+------------+
; state.IDLE    ; 0             ; 0          ; 0             ; 0          ;
; state.FILTER0 ; 0             ; 0          ; 1             ; 1          ;
; state.DOWN    ; 0             ; 1          ; 0             ; 1          ;
; state.FILTER1 ; 1             ; 0          ; 0             ; 1          ;
+---------------+---------------+------------+---------------+------------+


+----------------------------------------------------------------------------------+
; Registers Removed During Synthesis                                               ;
+-----------------------------------------+----------------------------------------+
; Register name                           ; Reason for Removal                     ;
+-----------------------------------------+----------------------------------------+
; uart_byte_tx:uart_byte_0|bps_DR[13..15] ; Stuck at GND due to stuck port data_in ;
; uart_byte_tx:uart_byte_0|bps_DR[12]     ; Stuck at VCC due to stuck port data_in ;
; uart_byte_tx:uart_byte_0|bps_DR[11]     ; Stuck at GND due to stuck port data_in ;
; uart_byte_tx:uart_byte_0|bps_DR[10]     ; Stuck at VCC due to stuck port data_in ;
; uart_byte_tx:uart_byte_0|bps_DR[7..9]   ; Stuck at GND due to stuck port data_in ;
; uart_byte_tx:uart_byte_0|bps_DR[6]      ; Stuck at VCC due to stuck port data_in ;
; uart_byte_tx:uart_byte_0|bps_DR[5]      ; Stuck at GND due to stuck port data_in ;
; uart_byte_tx:uart_byte_0|bps_DR[4]      ; Stuck at VCC due to stuck port data_in ;
; uart_byte_tx:uart_byte_0|bps_DR[3]      ; Stuck at GND due to stuck port data_in ;
; uart_byte_tx:uart_byte_0|bps_DR[0..2]   ; Stuck at VCC due to stuck port data_in ;
; key_filter:key_filter|aclr              ; Stuck at GND due to stuck port data_in ;
; Total Number of Removed Registers = 17  ;                                        ;
+-----------------------------------------+----------------------------------------+


+------------------------------------------------------+
; General Register Statistics                          ;
+----------------------------------------------+-------+
; Statistic                                    ; Value ;
+----------------------------------------------+-------+
; Total registers                              ; 164   ;
; Number of registers using Synchronous Clear  ; 32    ;
; Number of registers using Synchronous Load   ; 32    ;
; Number of registers using Asynchronous Clear ; 77    ;
; Number of registers using Asynchronous Load  ; 0     ;
; Number of registers using Clock Enable       ; 94    ;
; Number of registers using Preset             ; 0     ;
+----------------------------------------------+-------+


+--------------------------------------------------------------------------------------------------------------------------------------------------------------------------------------------------------------------------------------------------------------------+
; Inverted Register Statistics                                                                                                                                                                                                                                       ;
+----------------------------------------------------------------------------------------------------------------------------------------------------------------------------------------------------------------------------------------------------------+---------+
; Inverted Register                                                                                                                                                                                                                                        ; Fan out ;
+----------------------------------------------------------------------------------------------------------------------------------------------------------------------------------------------------------------------------------------------------------+---------+
; uart_byte_tx:uart_byte_0|rs232_tx                                                                                                                                                                                                                        ; 1       ;
; key_filter:key_filter|key_state                                                                                                                                                                                                                          ; 3       ;
; sld_hub:auto_hub|alt_sld_fab:\instrumentation_fabric_with_node_gen:fabric_gen_new_way:instrumentation_fabric|alt_sld_fab_alt_sld_fab:alt_sld_fab|alt_sld_fab_alt_sld_fab_sldfabric:sldfabric|sld_jtag_hub:\jtag_hub_gen:real_sld_jtag_hub|tdo            ; 1       ;
; sld_hub:auto_hub|alt_sld_fab:\instrumentation_fabric_with_node_gen:fabric_gen_new_way:instrumentation_fabric|alt_sld_fab_alt_sld_fab:alt_sld_fab|alt_sld_fab_alt_sld_fab_sldfabric:sldfabric|sld_jtag_hub:\jtag_hub_gen:real_sld_jtag_hub|jtag_ir_reg[2] ; 2       ;
; sld_hub:auto_hub|alt_sld_fab:\instrumentation_fabric_with_node_gen:fabric_gen_new_way:instrumentation_fabric|alt_sld_fab_alt_sld_fab:alt_sld_fab|alt_sld_fab_alt_sld_fab_sldfabric:sldfabric|sld_jtag_hub:\jtag_hub_gen:real_sld_jtag_hub|jtag_ir_reg[1] ; 3       ;
; Total number of inverted registers = 5                                                                                                                                                                                                                   ;         ;
+----------------------------------------------------------------------------------------------------------------------------------------------------------------------------------------------------------------------------------------------------------+---------+


+--------------------------------------------------------------------------------------------------------------------------------------------------------------------------------------------------------------------------------------------------------------------------------------------------------------------------------------------------------------------------------------------------------------+
; Multiplexer Restructuring Statistics (Restructuring Performed)                                                                                                                                                                                                                                                                                                                                               ;
+--------------------+-----------+---------------+----------------------+------------------------+------------+------------------------------------------------------------------------------------------------------------------------------------------------------------------------------------------------------------------------------------------------------------------------------------------------+
; Multiplexer Inputs ; Bus Width ; Baseline Area ; Area if Restructured ; Saving if Restructured ; Registered ; Example Multiplexer Output                                                                                                                                                                                                                                                                     ;
+--------------------+-----------+---------------+----------------------+------------------------+------------+------------------------------------------------------------------------------------------------------------------------------------------------------------------------------------------------------------------------------------------------------------------------------------------------+
; 3:1                ; 8 bits    ; 16 LEs        ; 8 LEs                ; 8 LEs                  ; Yes        ; |uart_tx_top|uart_data:u0|altsource_probe:in_system_sources_probes_0|altsource_probe_body:altsource_probe_body_inst|altsource_probe_impl:\wider_source_gen:wider_source_inst|hold_reg[3]                                                                                                       ;
; 3:1                ; 16 bits   ; 32 LEs        ; 16 LEs               ; 16 LEs                 ; Yes        ; |uart_tx_top|uart_byte_tx:uart_byte_0|div_cnt[13]                                                                                                                                                                                                                                              ;
; 4:1                ; 7 bits    ; 14 LEs        ; 7 LEs                ; 7 LEs                  ; Yes        ; |uart_tx_top|uart_data:u0|altsource_probe:in_system_sources_probes_0|altsource_probe_body:altsource_probe_body_inst|altsource_probe_impl:\wider_source_gen:wider_source_inst|shift_reg[1]                                                                                                      ;
; 5:1                ; 3 bits    ; 9 LEs         ; 3 LEs                ; 6 LEs                  ; Yes        ; |uart_tx_top|uart_data:u0|altsource_probe:in_system_sources_probes_0|altsource_probe_body:altsource_probe_body_inst|altsource_probe_impl:\wider_source_gen:wider_source_inst|sld_rom_sr:\no_instance_id_gen:rom_info_inst|word_counter[0]                                                      ;
; 9:1                ; 4 bits    ; 24 LEs        ; 16 LEs               ; 8 LEs                  ; Yes        ; |uart_tx_top|uart_data:u0|altsource_probe:in_system_sources_probes_0|altsource_probe_body:altsource_probe_body_inst|altsource_probe_impl:\wider_source_gen:wider_source_inst|sld_rom_sr:\no_instance_id_gen:rom_info_inst|WORD_SR[0]                                                           ;
; 3:1                ; 4 bits    ; 8 LEs         ; 4 LEs                ; 4 LEs                  ; Yes        ; |uart_tx_top|sld_hub:auto_hub|alt_sld_fab:\instrumentation_fabric_with_node_gen:fabric_gen_new_way:instrumentation_fabric|alt_sld_fab_alt_sld_fab:alt_sld_fab|alt_sld_fab_alt_sld_fab_sldfabric:sldfabric|sld_jtag_hub:\jtag_hub_gen:real_sld_jtag_hub|hub_minor_ver_reg[0]                    ;
; 4:1                ; 5 bits    ; 10 LEs        ; 5 LEs                ; 5 LEs                  ; Yes        ; |uart_tx_top|sld_hub:auto_hub|alt_sld_fab:\instrumentation_fabric_with_node_gen:fabric_gen_new_way:instrumentation_fabric|alt_sld_fab_alt_sld_fab:alt_sld_fab|alt_sld_fab_alt_sld_fab_sldfabric:sldfabric|sld_jtag_hub:\jtag_hub_gen:real_sld_jtag_hub|mixer_addr_reg_internal[4]              ;
; 5:1                ; 5 bits    ; 15 LEs        ; 5 LEs                ; 10 LEs                 ; Yes        ; |uart_tx_top|sld_hub:auto_hub|alt_sld_fab:\instrumentation_fabric_with_node_gen:fabric_gen_new_way:instrumentation_fabric|alt_sld_fab_alt_sld_fab:alt_sld_fab|alt_sld_fab_alt_sld_fab_sldfabric:sldfabric|sld_jtag_hub:\jtag_hub_gen:real_sld_jtag_hub|sld_rom_sr:hub_info_reg|word_counter[1] ;
; 6:1                ; 3 bits    ; 12 LEs        ; 3 LEs                ; 9 LEs                  ; Yes        ; |uart_tx_top|sld_hub:auto_hub|alt_sld_fab:\instrumentation_fabric_with_node_gen:fabric_gen_new_way:instrumentation_fabric|alt_sld_fab_alt_sld_fab:alt_sld_fab|alt_sld_fab_alt_sld_fab_sldfabric:sldfabric|sld_jtag_hub:\jtag_hub_gen:real_sld_jtag_hub|irsr_reg[2]                             ;
; 34:1               ; 4 bits    ; 88 LEs        ; 60 LEs               ; 28 LEs                 ; Yes        ; |uart_tx_top|sld_hub:auto_hub|alt_sld_fab:\instrumentation_fabric_with_node_gen:fabric_gen_new_way:instrumentation_fabric|alt_sld_fab_alt_sld_fab:alt_sld_fab|alt_sld_fab_alt_sld_fab_sldfabric:sldfabric|sld_jtag_hub:\jtag_hub_gen:real_sld_jtag_hub|design_hash_reg[3]                      ;
; 20:1               ; 4 bits    ; 52 LEs        ; 36 LEs               ; 16 LEs                 ; Yes        ; |uart_tx_top|sld_hub:auto_hub|alt_sld_fab:\instrumentation_fabric_with_node_gen:fabric_gen_new_way:instrumentation_fabric|alt_sld_fab_alt_sld_fab:alt_sld_fab|alt_sld_fab_alt_sld_fab_sldfabric:sldfabric|sld_jtag_hub:\jtag_hub_gen:real_sld_jtag_hub|sld_rom_sr:hub_info_reg|WORD_SR[1]      ;
+--------------------+-----------+---------------+----------------------+------------------------+------------+------------------------------------------------------------------------------------------------------------------------------------------------------------------------------------------------------------------------------------------------------------------------------------------------+


+----------------------------------------------------------------------------------------------------------------------------------------------------------------------------------------+
; Source assignments for uart_data:u0|altsource_probe:in_system_sources_probes_0|altsource_probe_body:altsource_probe_body_inst|altsource_probe_impl:\wider_source_gen:wider_source_inst ;
+---------------------------------+-------+------+---------------------------------------------------------------------------------------------------------------------------------------+
; Assignment                      ; Value ; From ; To                                                                                                                                    ;
+---------------------------------+-------+------+---------------------------------------------------------------------------------------------------------------------------------------+
; NOT_GATE_PUSH_BACK              ; OFF   ; -    ; -                                                                                                                                     ;
; POWER_UP_LEVEL                  ; LOW   ; -    ; -                                                                                                                                     ;
; AUTO_SHIFT_REGISTER_RECOGNITION ; OFF   ; -    ; -                                                                                                                                     ;
; AUTO_CLOCK_ENABLE_RECOGNITION   ; OFF   ; -    ; hold_reg[0]                                                                                                                           ;
; AUTO_CLOCK_ENABLE_RECOGNITION   ; OFF   ; -    ; hold_reg[7]                                                                                                                           ;
; AUTO_CLOCK_ENABLE_RECOGNITION   ; OFF   ; -    ; hold_reg[6]                                                                                                                           ;
; AUTO_CLOCK_ENABLE_RECOGNITION   ; OFF   ; -    ; hold_reg[5]                                                                                                                           ;
; AUTO_CLOCK_ENABLE_RECOGNITION   ; OFF   ; -    ; hold_reg[4]                                                                                                                           ;
; AUTO_CLOCK_ENABLE_RECOGNITION   ; OFF   ; -    ; hold_reg[3]                                                                                                                           ;
; AUTO_CLOCK_ENABLE_RECOGNITION   ; OFF   ; -    ; hold_reg[2]                                                                                                                           ;
; AUTO_CLOCK_ENABLE_RECOGNITION   ; OFF   ; -    ; hold_reg[1]                                                                                                                           ;
+---------------------------------+-------+------+---------------------------------------------------------------------------------------------------------------------------------------+


+-----------------------------------------------------------------------------------------------------------------------+
; Parameter Settings for User Entity Instance: key_filter:key_filter|counter:counter0|lpm_counter:LPM_COUNTER_component ;
+------------------------+--------------+-------------------------------------------------------------------------------+
; Parameter Name         ; Value        ; Type                                                                          ;
+------------------------+--------------+-------------------------------------------------------------------------------+
; AUTO_CARRY_CHAINS      ; ON           ; AUTO_CARRY                                                                    ;
; IGNORE_CARRY_BUFFERS   ; OFF          ; IGNORE_CARRY                                                                  ;
; AUTO_CASCADE_CHAINS    ; ON           ; AUTO_CASCADE                                                                  ;
; IGNORE_CASCADE_BUFFERS ; OFF          ; IGNORE_CASCADE                                                                ;
; LPM_WIDTH              ; 20           ; Signed Integer                                                                ;
; LPM_DIRECTION          ; UP           ; Untyped                                                                       ;
; LPM_MODULUS            ; 100000       ; Signed Integer                                                                ;
; LPM_AVALUE             ; UNUSED       ; Untyped                                                                       ;
; LPM_SVALUE             ; UNUSED       ; Untyped                                                                       ;
; LPM_PORT_UPDOWN        ; PORT_UNUSED  ; Untyped                                                                       ;
; DEVICE_FAMILY          ; Cyclone IV E ; Untyped                                                                       ;
; CARRY_CHAIN            ; MANUAL       ; Untyped                                                                       ;
; CARRY_CHAIN_LENGTH     ; 48           ; CARRY_CHAIN_LENGTH                                                            ;
; NOT_GATE_PUSH_BACK     ; ON           ; NOT_GATE_PUSH_BACK                                                            ;
; CARRY_CNT_EN           ; SMART        ; Untyped                                                                       ;
; LABWIDE_SCLR           ; ON           ; Untyped                                                                       ;
; USE_NEW_VERSION        ; TRUE         ; Untyped                                                                       ;
; CBXI_PARAMETER         ; cntr_rtk     ; Untyped                                                                       ;
+------------------------+--------------+-------------------------------------------------------------------------------+
Note: In order to hide this table in the UI and the text report file, please set the "Show Parameter Settings in Synthesis Report" option in "Analysis and Synthesis Settings -> More Settings" to "Off".


+------------------------------------------------------------------------------------------------------+
; Parameter Settings for User Entity Instance: uart_data:u0|altsource_probe:in_system_sources_probes_0 ;
+-------------------------+-----------------+----------------------------------------------------------+
; Parameter Name          ; Value           ; Type                                                     ;
+-------------------------+-----------------+----------------------------------------------------------+
; lpm_type                ; altsource_probe ; String                                                   ;
; lpm_hint                ; UNUSED          ; String                                                   ;
; sld_auto_instance_index ; YES             ; String                                                   ;
; sld_instance_index      ; 0               ; Signed Integer                                           ;
; SLD_NODE_INFO           ; 4746752         ; Signed Integer                                           ;
; sld_ir_width            ; 4               ; Signed Integer                                           ;
; instance_id             ; NONE            ; String                                                   ;
; probe_width             ; 1               ; Signed Integer                                           ;
; source_width            ; 8               ; Signed Integer                                           ;
; source_initial_value    ; 0               ; String                                                   ;
; enable_metastability    ; NO              ; String                                                   ;
+-------------------------+-----------------+----------------------------------------------------------+
Note: In order to hide this table in the UI and the text report file, please set the "Show Parameter Settings in Synthesis Report" option in "Analysis and Synthesis Settings -> More Settings" to "Off".


+------------------------------------------------------------------------------------------------------------------------------------------------------------------------------------+
; Port Connectivity Checks: "uart_data:u0|altsource_probe:in_system_sources_probes_0"                                                                                                ;
+-----------------+--------+----------+----------------------------------------------------------------------------------------------------------------------------------------------+
; Port            ; Type   ; Severity ; Details                                                                                                                                      ;
+-----------------+--------+----------+----------------------------------------------------------------------------------------------------------------------------------------------+
; source_ena      ; Input  ; Info     ; Stuck at VCC                                                                                                                                 ;
; source_clk      ; Input  ; Warning  ; Declared by entity but not connected by instance. If a default value exists, it will be used.  Otherwise, the port will be connected to GND. ;
; raw_tck         ; Input  ; Warning  ; Declared by entity but not connected by instance. If a default value exists, it will be used.  Otherwise, the port will be connected to GND. ;
; tdi             ; Input  ; Warning  ; Declared by entity but not connected by instance. If a default value exists, it will be used.  Otherwise, the port will be connected to GND. ;
; usr1            ; Input  ; Warning  ; Declared by entity but not connected by instance. If a default value exists, it will be used.  Otherwise, the port will be connected to GND. ;
; jtag_state_cdr  ; Input  ; Warning  ; Declared by entity but not connected by instance. If a default value exists, it will be used.  Otherwise, the port will be connected to GND. ;
; jtag_state_sdr  ; Input  ; Warning  ; Declared by entity but not connected by instance. If a default value exists, it will be used.  Otherwise, the port will be connected to GND. ;
; jtag_state_e1dr ; Input  ; Warning  ; Declared by entity but not connected by instance. If a default value exists, it will be used.  Otherwise, the port will be connected to GND. ;
; jtag_state_udr  ; Input  ; Warning  ; Declared by entity but not connected by instance. If a default value exists, it will be used.  Otherwise, the port will be connected to GND. ;
; jtag_state_cir  ; Input  ; Warning  ; Declared by entity but not connected by instance. If a default value exists, it will be used.  Otherwise, the port will be connected to GND. ;
; jtag_state_uir  ; Input  ; Warning  ; Declared by entity but not connected by instance. If a default value exists, it will be used.  Otherwise, the port will be connected to GND. ;
; jtag_state_tlr  ; Input  ; Warning  ; Declared by entity but not connected by instance. If a default value exists, it will be used.  Otherwise, the port will be connected to GND. ;
; clr             ; Input  ; Warning  ; Declared by entity but not connected by instance. If a default value exists, it will be used.  Otherwise, the port will be connected to GND. ;
; ena             ; Input  ; Warning  ; Declared by entity but not connected by instance. If a default value exists, it will be used.  Otherwise, the port will be connected to GND. ;
; ir_in           ; Input  ; Warning  ; Declared by entity but not connected by instance. If a default value exists, it will be used.  Otherwise, the port will be connected to GND. ;
; ir_out          ; Output ; Warning  ; Declared by entity but not connected by instance. Logic that only feeds a dangling port will be removed.                                     ;
; tdo             ; Output ; Warning  ; Declared by entity but not connected by instance. Logic that only feeds a dangling port will be removed.                                     ;
+-----------------+--------+----------+----------------------------------------------------------------------------------------------------------------------------------------------+


+---------------------------------------------------+
; Port Connectivity Checks: "uart_data:u0"          ;
+-------+-------+----------+------------------------+
; Port  ; Type  ; Severity ; Details                ;
+-------+-------+----------+------------------------+
; probe ; Input ; Info     ; Explicitly unconnected ;
+-------+-------+----------+------------------------+


+-------------------------------------------------------+
; Port Connectivity Checks: "uart_byte_tx:uart_byte_0"  ;
+----------+--------+----------+------------------------+
; Port     ; Type   ; Severity ; Details                ;
+----------+--------+----------+------------------------+
; baud_set ; Input  ; Info     ; Stuck at GND           ;
; tx_done  ; Output ; Info     ; Explicitly unconnected ;
+----------+--------+----------+------------------------+


+----------------------------------------------------------------------------------------------------------------+
; Port Connectivity Checks: "key_filter:key_filter|counter:counter0"                                             ;
+------+--------+----------+-------------------------------------------------------------------------------------+
; Port ; Type   ; Severity ; Details                                                                             ;
+------+--------+----------+-------------------------------------------------------------------------------------+
; q    ; Output ; Info     ; Connected to dangling logic. Logic that only feeds a dangling port will be removed. ;
+------+--------+----------+-------------------------------------------------------------------------------------+


+-----------------------------------------------------+
; Post-Synthesis Netlist Statistics for Top Partition ;
+-----------------------+-----------------------------+
; Type                  ; Count                       ;
+-----------------------+-----------------------------+
; boundary_port         ; 26                          ;
; cycloneiii_ff         ; 86                          ;
;     CLR               ; 15                          ;
;     CLR SCLR          ; 20                          ;
;     CLR SLD           ; 1                           ;
;     ENA               ; 7                           ;
;     ENA CLR           ; 15                          ;
;     ENA SLD           ; 20                          ;
;     plain             ; 8                           ;
; cycloneiii_lcell_comb ; 118                         ;
;     arith             ; 38                          ;
;         2 data inputs ; 37                          ;
;         3 data inputs ; 1                           ;
;     normal            ; 80                          ;
;         0 data inputs ; 2                           ;
;         1 data inputs ; 4                           ;
;         2 data inputs ; 5                           ;
;         3 data inputs ; 28                          ;
;         4 data inputs ; 41                          ;
;                       ;                             ;
; Max LUT depth         ; 5.00                        ;
; Average LUT depth     ; 2.61                        ;
+-----------------------+-----------------------------+


+------------------------------------------------------------------+
; Post-Synthesis Netlist Statistics for Partition sld_hub:auto_hub ;
+-----------------------+------------------------------------------+
; Type                  ; Count                                    ;
+-----------------------+------------------------------------------+
; boundary_port         ; 94                                       ;
; cycloneiii_ff         ; 78                                       ;
;     CLR               ; 4                                        ;
;     ENA               ; 16                                       ;
;     ENA CLR           ; 20                                       ;
;     ENA CLR SLD       ; 2                                        ;
;     ENA SCLR          ; 5                                        ;
;     ENA SLD           ; 9                                        ;
;     SCLR              ; 7                                        ;
;     plain             ; 15                                       ;
; cycloneiii_lcell_comb ; 114                                      ;
;     arith             ; 8                                        ;
;         2 data inputs ; 8                                        ;
;     normal            ; 106                                      ;
;         0 data inputs ; 1                                        ;
;         1 data inputs ; 7                                        ;
;         2 data inputs ; 23                                       ;
;         3 data inputs ; 27                                       ;
;         4 data inputs ; 48                                       ;
;                       ;                                          ;
; Max LUT depth         ; 4.00                                     ;
; Average LUT depth     ; 1.84                                     ;
+-----------------------+------------------------------------------+


+---------------------------------+
; Elapsed Time Per Partition      ;
+------------------+--------------+
; Partition Name   ; Elapsed Time ;
+------------------+--------------+
; sld_hub:auto_hub ; 00:00:00     ;
; Top              ; 00:00:00     ;
+------------------+--------------+


+-------------------------------+
; Analysis & Synthesis Messages ;
+-------------------------------+
Info: *******************************************************************
Info: Running Quartus II 64-Bit Analysis & Synthesis
    Info: Version 15.0.0 Build 145 04/22/2015 SJ Full Version
    Info: Processing started: Fri Dec 18 11:35:39 2020
Info: Command: quartus_map --read_settings_files=on --write_settings_files=off uart_tx_top -c uart_tx_top
Info (20030): Parallel compilation is enabled and will use 4 of the 4 processors detected
Info (12248): Elaborating Qsys system entity "uart_data.qsys"
Info (12250): 2020.12.18.11:35:55 Progress: Loading ip/uart_data.qsys
Info (12250): 2020.12.18.11:35:59 Progress: Reading input file
Info (12250): 2020.12.18.11:35:59 Progress: Adding in_system_sources_probes_0 [altera_in_system_sources_probes 15.0]
Info (12250): 2020.12.18.11:35:59 Progress: Parameterizing module in_system_sources_probes_0
Info (12250): 2020.12.18.11:35:59 Progress: Building connections
Info (12250): 2020.12.18.11:35:59 Progress: Parameterizing connections
Info (12250): 2020.12.18.11:35:59 Progress: Validating
Info (12250): 2020.12.18.11:36:00 Progress: Done reading input file
Info (12250): Uart_data: Generating uart_data "uart_data" for QUARTUS_SYNTH
Info (12250): In_system_sources_probes_0: "uart_data" instantiated altera_in_system_sources_probes "in_system_sources_probes_0"
Info (12250): Uart_data: Done "uart_data" with 2 modules, 1 files
Info (12249): Finished elaborating Qsys system entity "uart_data.qsys"
Info (12021): Found 1 design units, including 1 entities, in source file /fpga_code/ac620_draft/fpga_beginning/module/sync_trigger.v
    Info (12023): Found entity 1: sync_trigger
Info (12021): Found 1 design units, including 1 entities, in source file /fpga_code/ac620_draft/fpga_beginning/module/key_filter.v
    Info (12023): Found entity 1: key_filter
Info (12021): Found 1 design units, including 1 entities, in source file /fpga_code/ac620_draft/fpga_beginning/module/edge_tell.v
    Info (12023): Found entity 1: edge_tell
Info (12021): Found 1 design units, including 1 entities, in source file /fpga_code/ac620_draft/fpga_beginning/chapter3_class8(uart_tx)/rtl/uart_tx_top.v
    Info (12023): Found entity 1: uart_tx_top
Info (12021): Found 1 design units, including 1 entities, in source file ip/counter.v
    Info (12023): Found entity 1: counter
Info (12021): Found 1 design units, including 1 entities, in source file /fpga_code/ac620_draft/fpga_beginning/chapter3_class8(uart_tx)/rtl/uart_byte_tx.v
    Info (12023): Found entity 1: uart_byte_tx
Info (12021): Found 1 design units, including 1 entities, in source file /fpga_code/ac620_draft/fpga_beginning/chapter3_class8(uart_tx)/testbench/uart_byte_tx_tb.v
    Info (12023): Found entity 1: uart_byte_tx_tb
Info (12021): Found 1 design units, including 1 entities, in source file /fpga_code/ac620_draft/fpga_beginning/chapter3_class8(uart_tx)/testbench/uart_tx_top_tb.v
    Info (12023): Found entity 1: uart_tx_top_tb
Info (12021): Found 1 design units, including 1 entities, in source file db/ip/uart_data/uart_data.v
    Info (12023): Found entity 1: uart_data
Info (12127): Elaborating entity "uart_tx_top" for the top level hierarchy
Info (12128): Elaborating entity "key_filter" for hierarchy "key_filter:key_filter"
Info (12128): Elaborating entity "sync_trigger" for hierarchy "key_filter:key_filter|sync_trigger:sync_ins"
Info (12128): Elaborating entity "edge_tell" for hierarchy "key_filter:key_filter|edge_tell:edge_ins"
Info (12128): Elaborating entity "counter" for hierarchy "key_filter:key_filter|counter:counter0"
Info (12128): Elaborating entity "lpm_counter" for hierarchy "key_filter:key_filter|counter:counter0|lpm_counter:LPM_COUNTER_component"
Info (12130): Elaborated megafunction instantiation "key_filter:key_filter|counter:counter0|lpm_counter:LPM_COUNTER_component"
Info (12133): Instantiated megafunction "key_filter:key_filter|counter:counter0|lpm_counter:LPM_COUNTER_component" with the following parameter:
    Info (12134): Parameter "lpm_direction" = "UP"
    Info (12134): Parameter "lpm_modulus" = "100000"
    Info (12134): Parameter "lpm_port_updown" = "PORT_UNUSED"
    Info (12134): Parameter "lpm_type" = "LPM_COUNTER"
    Info (12134): Parameter "lpm_width" = "20"
Info (12021): Found 1 design units, including 1 entities, in source file db/cntr_rtk.tdf
    Info (12023): Found entity 1: cntr_rtk
Info (12128): Elaborating entity "cntr_rtk" for hierarchy "key_filter:key_filter|counter:counter0|lpm_counter:LPM_COUNTER_component|cntr_rtk:auto_generated"
Info (12021): Found 1 design units, including 1 entities, in source file db/cmpr_8ic.tdf
    Info (12023): Found entity 1: cmpr_8ic
Info (12128): Elaborating entity "cmpr_8ic" for hierarchy "key_filter:key_filter|counter:counter0|lpm_counter:LPM_COUNTER_component|cntr_rtk:auto_generated|cmpr_8ic:cmpr1"
Info (12128): Elaborating entity "uart_byte_tx" for hierarchy "uart_byte_tx:uart_byte_0"
Info (12128): Elaborating entity "uart_data" for hierarchy "uart_data:u0"
Info (12128): Elaborating entity "altsource_probe" for hierarchy "uart_data:u0|altsource_probe:in_system_sources_probes_0"
Info (12130): Elaborated megafunction instantiation "uart_data:u0|altsource_probe:in_system_sources_probes_0"
Info (12133): Instantiated megafunction "uart_data:u0|altsource_probe:in_system_sources_probes_0" with the following parameter:
    Info (12134): Parameter "sld_auto_instance_index" = "YES"
    Info (12134): Parameter "sld_instance_index" = "0"
    Info (12134): Parameter "instance_id" = "NONE"
    Info (12134): Parameter "probe_width" = "1"
    Info (12134): Parameter "source_width" = "8"
    Info (12134): Parameter "source_initial_value" = "0"
    Info (12134): Parameter "enable_metastability" = "NO"
Info (12128): Elaborating entity "sld_jtag_endpoint_adapter" for hierarchy "uart_data:u0|altsource_probe:in_system_sources_probes_0|sld_jtag_endpoint_adapter:jtag_signal_adapter"
Info (12128): Elaborating entity "sld_jtag_endpoint_adapter_impl" for hierarchy "uart_data:u0|altsource_probe:in_system_sources_probes_0|sld_jtag_endpoint_adapter:jtag_signal_adapter|sld_jtag_endpoint_adapter_impl:sld_jtag_endpoint_adapter_impl_inst"
Info (12128): Elaborating entity "altsource_probe_body" for hierarchy "uart_data:u0|altsource_probe:in_system_sources_probes_0|altsource_probe_body:altsource_probe_body_inst"
Info (12128): Elaborating entity "altsource_probe_impl" for hierarchy "uart_data:u0|altsource_probe:in_system_sources_probes_0|altsource_probe_body:altsource_probe_body_inst|altsource_probe_impl:\wider_source_gen:wider_source_inst"
Info (12128): Elaborating entity "sld_rom_sr" for hierarchy "uart_data:u0|altsource_probe:in_system_sources_probes_0|altsource_probe_body:altsource_probe_body_inst|altsource_probe_impl:\wider_source_gen:wider_source_inst|sld_rom_sr:\no_instance_id_gen:rom_info_inst"
Info (11170): Start IP generation for the debug fabric within sld_hub.
Info (11172): 2020.12.18.11:36:19 Progress: Loading sld2d299352/alt_sld_fab_wrapper_hw.tcl
Info (11172): Alt_sld_fab.alt_sld_fab: SLD fabric agents which did not specify prefer_host were connected to JTAG
Info (11172): Alt_sld_fab: Generating alt_sld_fab "alt_sld_fab" for QUARTUS_SYNTH
Info (11172): Alt_sld_fab: "alt_sld_fab" instantiated alt_sld_fab "alt_sld_fab"
Info (11172): Presplit: "alt_sld_fab" instantiated altera_super_splitter "presplit"
Info (11172): Splitter: "alt_sld_fab" instantiated altera_sld_splitter "splitter"
Info (11172): Sldfabric: "alt_sld_fab" instantiated altera_sld_jtag_hub "sldfabric"
Info (11172): Ident: "alt_sld_fab" instantiated altera_connection_identification_hub "ident"
Info (11172): Alt_sld_fab: Done "alt_sld_fab" with 6 modules, 6 files
Info (11171): Finished IP generation for the debug fabric within sld_hub.
Info (12021): Found 1 design units, including 1 entities, in source file db/ip/sld2d299352/alt_sld_fab.v
    Info (12023): Found entity 1: alt_sld_fab
Info (12021): Found 1 design units, including 1 entities, in source file db/ip/sld2d299352/submodules/alt_sld_fab_alt_sld_fab.v
    Info (12023): Found entity 1: alt_sld_fab_alt_sld_fab
Info (12021): Found 1 design units, including 1 entities, in source file db/ip/sld2d299352/submodules/alt_sld_fab_alt_sld_fab_ident.sv
    Info (12023): Found entity 1: alt_sld_fab_alt_sld_fab_ident
Info (12021): Found 1 design units, including 1 entities, in source file db/ip/sld2d299352/submodules/alt_sld_fab_alt_sld_fab_presplit.sv
    Info (12023): Found entity 1: alt_sld_fab_alt_sld_fab_presplit
Info (12021): Found 2 design units, including 1 entities, in source file db/ip/sld2d299352/submodules/alt_sld_fab_alt_sld_fab_sldfabric.vhd
    Info (12022): Found design unit 1: alt_sld_fab_alt_sld_fab_sldfabric-rtl
    Info (12023): Found entity 1: alt_sld_fab_alt_sld_fab_sldfabric
Info (12021): Found 1 design units, including 1 entities, in source file db/ip/sld2d299352/submodules/alt_sld_fab_alt_sld_fab_splitter.sv
    Info (12023): Found entity 1: alt_sld_fab_alt_sld_fab_splitter
Warning (12241): 1 hierarchies have connectivity warnings - see the Connectivity Checks report folder
Info (13000): Registers with preset signals will power-up high
Info (13003): DEV_CLRn pin will set, and not reset, register with preset signal due to NOT Gate Push-Back
Info (286031): Timing-Driven Synthesis is running on partition "Top"
Info (13000): Registers with preset signals will power-up high
Info (13003): DEV_CLRn pin will set, and not reset, register with preset signal due to NOT Gate Push-Back
Info (286031): Timing-Driven Synthesis is running on partition "sld_hub:auto_hub"
Info (16010): Generating hard_block partition "hard_block:auto_generated_inst"
    Info (16011): Adding 0 node(s), including 0 DDIO, 0 PLL, 0 transceiver and 0 LCELL
Info (21057): Implemented 278 device resources after synthesis - the final resource count might be different
    Info (21058): Implemented 6 input pins
    Info (21059): Implemented 3 output pins
    Info (21061): Implemented 268 logic cells
Info: Quartus II 64-Bit Analysis & Synthesis was successful. 0 errors, 1 warning
    Info: Peak virtual memory: 4871 megabytes
    Info: Processing ended: Fri Dec 18 11:36:52 2020
    Info: Elapsed time: 00:01:13
    Info: Total CPU time (on all processors): 00:01:41


