Flow report for led_flash
Tue Dec 01 09:52:57 2020
Quartus II 64-Bit Version 15.0.0 Build 145 04/22/2015 SJ Full Version


---------------------
; Table of Contents ;
---------------------
  1. Legal Notice
  2. Flow Summary
  3. Flow Settings
  4. Flow Non-Default Global Settings
  5. Flow Elapsed Time
  6. Flow OS Summary
  7. Flow Log
  8. Flow Messages
  9. Flow Suppressed Messages



----------------
; Legal Notice ;
----------------
Copyright (C) 1991-2015 Altera Corporation. All rights reserved.
Your use of Altera Corporation's design tools, logic functions 
and other software and tools, and its AMPP partner logic 
functions, and any output files from any of the foregoing 
(including device programming or simulation files), and any 
associated documentation or information are expressly subject 
to the terms and conditions of the Altera Program License 
Subscription Agreement, the Altera Quartus II License Agreement,
the Altera MegaCore Function License Agreement, or other 
applicable license agreement, including, without limitation, 
that your use is for the sole purpose of programming logic 
devices manufactured by Altera and sold by Altera or its 
authorized distributors.  Please refer to the applicable 
agreement for further details.



+----------------------------------------------------------------------------------+
; Flow Summary                                                                     ;
+------------------------------------+---------------------------------------------+
; Flow Status                        ; Successful - Tue Dec 01 09:52:57 2020       ;
; Quartus II 64-Bit Version          ; 15.0.0 Build 145 04/22/2015 SJ Full Version ;
; Revision Name                      ; led_flash                                   ;
; Top-level Entity Name              ; led_flash                                   ;
; Family                             ; Cyclone IV E                                ;
; Device                             ; EP4CE10F17C8                                ;
; Timing Models                      ; Final                                       ;
; Total logic elements               ; 48 / 10,320 ( < 1 % )                       ;
;     Total combinational functions  ; 47 / 10,320 ( < 1 % )                       ;
;     Dedicated logic registers      ; 29 / 10,320 ( < 1 % )                       ;
; Total registers                    ; 29                                          ;
; Total pins                         ; 6 / 180 ( 3 % )                             ;
; Total virtual pins                 ; 0                                           ;
; Total memory bits                  ; 0 / 423,936 ( 0 % )                         ;
; Embedded Multiplier 9-bit elements ; 0 / 46 ( 0 % )                              ;
; Total PLLs                         ; 0 / 2 ( 0 % )                               ;
+------------------------------------+---------------------------------------------+


+-----------------------------------------+
; Flow Settings                           ;
+-------------------+---------------------+
; Option            ; Setting             ;
+-------------------+---------------------+
; Start date & time ; 12/01/2020 09:52:26 ;
; Main task         ; Compilation         ;
; Revision Name     ; led_flash           ;
+-------------------+---------------------+


+-----------------------------------------------------------------------------------------------------------------------------+
; Flow Non-Default Global Settings                                                                                            ;
+--------------------------------------+---------------------------------------+---------------+-------------+----------------+
; Assignment Name                      ; Value                                 ; Default Value ; Entity Name ; Section Id     ;
+--------------------------------------+---------------------------------------+---------------+-------------+----------------+
; COMPILER_SIGNATURE_ID                ; 220295162818996.160678754607832       ; --            ; --          ; --             ;
; EDA_DESIGN_INSTANCE_NAME             ; NA                                    ; --            ; --          ; led_flash_tb   ;
; EDA_NATIVELINK_SIMULATION_TEST_BENCH ; led_flash_tb                          ; --            ; --          ; eda_simulation ;
; EDA_OUTPUT_DATA_FORMAT               ; Verilog Hdl                           ; --            ; --          ; eda_simulation ;
; EDA_SIMULATION_TOOL                  ; ModelSim (Verilog)                    ; <None>        ; --          ; --             ;
; EDA_TEST_BENCH_ENABLE_STATUS         ; TEST_BENCH_MODE                       ; --            ; --          ; eda_simulation ;
; EDA_TEST_BENCH_FILE                  ; ../testbench/led_flash_tb.v           ; --            ; --          ; led_flash_tb   ;
; EDA_TEST_BENCH_MODULE_NAME           ; led_flash_tb                          ; --            ; --          ; led_flash_tb   ;
; EDA_TEST_BENCH_NAME                  ; led_flash_tb                          ; --            ; --          ; eda_simulation ;
; EDA_TIME_SCALE                       ; 1 ps                                  ; --            ; --          ; eda_simulation ;
; MAX_CORE_JUNCTION_TEMP               ; 85                                    ; --            ; --          ; --             ;
; MIN_CORE_JUNCTION_TEMP               ; 0                                     ; --            ; --          ; --             ;
; NOMINAL_CORE_SUPPLY_VOLTAGE          ; 1.2V                                  ; --            ; --          ; --             ;
; PARTITION_COLOR                      ; 16764057                              ; --            ; --          ; Top            ;
; PARTITION_FITTER_PRESERVATION_LEVEL  ; PLACEMENT_AND_ROUTING                 ; --            ; --          ; Top            ;
; PARTITION_NETLIST_TYPE               ; SOURCE                                ; --            ; --          ; Top            ;
; POWER_BOARD_THERMAL_MODEL            ; None (CONSERVATIVE)                   ; --            ; --          ; --             ;
; POWER_PRESET_COOLING_SOLUTION        ; 23 MM HEAT SINK WITH 200 LFPM AIRFLOW ; --            ; --          ; --             ;
; PROJECT_OUTPUT_DIRECTORY             ; output_files                          ; --            ; --          ; --             ;
+--------------------------------------+---------------------------------------+---------------+-------------+----------------+


+-------------------------------------------------------------------------------------------------------------------------------+
; Flow Elapsed Time                                                                                                             ;
+---------------------------+--------------+-------------------------+---------------------+------------------------------------+
; Module Name               ; Elapsed Time ; Average Processors Used ; Peak Virtual Memory ; Total CPU Time (on all processors) ;
+---------------------------+--------------+-------------------------+---------------------+------------------------------------+
; Analysis & Synthesis      ; 00:00:13     ; 1.0                     ; 4835 MB             ; 00:00:26                           ;
; Fitter                    ; 00:00:05     ; 1.0                     ; 5628 MB             ; 00:00:06                           ;
; Assembler                 ; 00:00:01     ; 1.0                     ; 4747 MB             ; 00:00:01                           ;
; TimeQuest Timing Analyzer ; 00:00:03     ; 1.0                     ; 4851 MB             ; 00:00:03                           ;
; EDA Netlist Writer        ; 00:00:01     ; 1.0                     ; 4712 MB             ; 00:00:01                           ;
; Total                     ; 00:00:23     ; --                      ; --                  ; 00:00:37                           ;
+---------------------------+--------------+-------------------------+---------------------+------------------------------------+


+----------------------------------------------------------------------------------------+
; Flow OS Summary                                                                        ;
+---------------------------+------------------+-----------+------------+----------------+
; Module Name               ; Machine Hostname ; OS Name   ; OS Version ; Processor type ;
+---------------------------+------------------+-----------+------------+----------------+
; Analysis & Synthesis      ; LAPTOP-VOGFJNE7  ; Windows 7 ; 6.2        ; x86_64         ;
; Fitter                    ; LAPTOP-VOGFJNE7  ; Windows 7 ; 6.2        ; x86_64         ;
; Assembler                 ; LAPTOP-VOGFJNE7  ; Windows 7 ; 6.2        ; x86_64         ;
; TimeQuest Timing Analyzer ; LAPTOP-VOGFJNE7  ; Windows 7 ; 6.2        ; x86_64         ;
; EDA Netlist Writer        ; LAPTOP-VOGFJNE7  ; Windows 7 ; 6.2        ; x86_64         ;
+---------------------------+------------------+-----------+------------+----------------+


------------
; Flow Log ;
------------
quartus_map --read_settings_files=on --write_settings_files=off led_flash -c led_flash
quartus_fit --read_settings_files=off --write_settings_files=off led_flash -c led_flash
quartus_asm --read_settings_files=off --write_settings_files=off led_flash -c led_flash
quartus_sta led_flash -c led_flash
quartus_eda --read_settings_files=off --write_settings_files=off led_flash -c led_flash



