Flow report for BCD_counter
Fri Dec 11 15:18:30 2020
Quartus II 64-Bit Version 15.0.0 Build 145 04/22/2015 SJ Full Version


---------------------
; Table of Contents ;
---------------------
  1. Legal Notice
  2. Flow Summary
  3. Flow Settings
  4. Flow Non-Default Global Settings
  5. Flow Elapsed Time
  6. Flow OS Summary
  7. Flow Log
  8. Flow Messages
  9. Flow Suppressed Messages



----------------
; Legal Notice ;
----------------
Copyright (C) 1991-2015 Altera Corporation. All rights reserved.
Your use of Altera Corporation's design tools, logic functions 
and other software and tools, and its AMPP partner logic 
functions, and any output files from any of the foregoing 
(including device programming or simulation files), and any 
associated documentation or information are expressly subject 
to the terms and conditions of the Altera Program License 
Subscription Agreement, the Altera Quartus II License Agreement,
the Altera MegaCore Function License Agreement, or other 
applicable license agreement, including, without limitation, 
that your use is for the sole purpose of programming logic 
devices manufactured by Altera and sold by Altera or its 
authorized distributors.  Please refer to the applicable 
agreement for further details.



+----------------------------------------------------------------------------------+
; Flow Summary                                                                     ;
+------------------------------------+---------------------------------------------+
; Flow Status                        ; Successful - Fri Dec 11 15:18:30 2020       ;
; Quartus II 64-Bit Version          ; 15.0.0 Build 145 04/22/2015 SJ Full Version ;
; Revision Name                      ; BCD_counter                                 ;
; Top-level Entity Name              ; BCD_counter_top                             ;
; Family                             ; Cyclone IV E                                ;
; Device                             ; EP4CE10F17C8                                ;
; Timing Models                      ; Final                                       ;
; Total logic elements               ; 18                                          ;
;     Total combinational functions  ; 18                                          ;
;     Dedicated logic registers      ; 12                                          ;
; Total registers                    ; 12                                          ;
; Total pins                         ; 16                                          ;
; Total virtual pins                 ; 0                                           ;
; Total memory bits                  ; 0                                           ;
; Embedded Multiplier 9-bit elements ; 0                                           ;
; Total PLLs                         ; 0                                           ;
+------------------------------------+---------------------------------------------+


+-----------------------------------------+
; Flow Settings                           ;
+-------------------+---------------------+
; Option            ; Setting             ;
+-------------------+---------------------+
; Start date & time ; 12/11/2020 15:18:20 ;
; Main task         ; Compilation         ;
; Revision Name     ; BCD_counter         ;
+-------------------+---------------------+


+----------------------------------------------------------------------------------------------------------------------------------+
; Flow Non-Default Global Settings                                                                                                 ;
+--------------------------------------+---------------------------------------+---------------+-----------------+-----------------+
; Assignment Name                      ; Value                                 ; Default Value ; Entity Name     ; Section Id      ;
+--------------------------------------+---------------------------------------+---------------+-----------------+-----------------+
; COMPILER_SIGNATURE_ID                ; 220295162818996.160767110016296       ; --            ; --              ; --              ;
; EDA_DESIGN_INSTANCE_NAME             ; NA                                    ; --            ; --              ; BCD_counter_tb2 ;
; EDA_DESIGN_INSTANCE_NAME             ; NA                                    ; --            ; --              ; BCD_counter_tb  ;
; EDA_NATIVELINK_SIMULATION_TEST_BENCH ; BCD_counter_tb2                       ; --            ; --              ; eda_simulation  ;
; EDA_OUTPUT_DATA_FORMAT               ; Verilog Hdl                           ; --            ; --              ; eda_simulation  ;
; EDA_SIMULATION_TOOL                  ; ModelSim (Verilog)                    ; <None>        ; --              ; --              ;
; EDA_TEST_BENCH_ENABLE_STATUS         ; TEST_BENCH_MODE                       ; --            ; --              ; eda_simulation  ;
; EDA_TEST_BENCH_FILE                  ; ../testbench/BCD_counter_tb2.v        ; --            ; --              ; BCD_counter_tb2 ;
; EDA_TEST_BENCH_FILE                  ; ../testbench/BCD_counter_tb.v         ; --            ; --              ; BCD_counter_tb  ;
; EDA_TEST_BENCH_MODULE_NAME           ; BCD_counter_tb2                       ; --            ; --              ; BCD_counter_tb2 ;
; EDA_TEST_BENCH_MODULE_NAME           ; BCD_counter_tb                        ; --            ; --              ; BCD_counter_tb  ;
; EDA_TEST_BENCH_NAME                  ; BCD_counter_tb                        ; --            ; --              ; eda_simulation  ;
; EDA_TEST_BENCH_NAME                  ; BCD_counter_tb2                       ; --            ; --              ; eda_simulation  ;
; EDA_TIME_SCALE                       ; 1 ps                                  ; --            ; --              ; eda_simulation  ;
; MAX_CORE_JUNCTION_TEMP               ; 85                                    ; --            ; --              ; --              ;
; MIN_CORE_JUNCTION_TEMP               ; 0                                     ; --            ; --              ; --              ;
; NOMINAL_CORE_SUPPLY_VOLTAGE          ; 1.2V                                  ; --            ; --              ; --              ;
; PARTITION_COLOR                      ; 16764057                              ; --            ; BCD_counter_top ; Top             ;
; PARTITION_FITTER_PRESERVATION_LEVEL  ; PLACEMENT_AND_ROUTING                 ; --            ; BCD_counter_top ; Top             ;
; PARTITION_NETLIST_TYPE               ; SOURCE                                ; --            ; BCD_counter_top ; Top             ;
; POWER_BOARD_THERMAL_MODEL            ; None (CONSERVATIVE)                   ; --            ; --              ; --              ;
; POWER_PRESET_COOLING_SOLUTION        ; 23 MM HEAT SINK WITH 200 LFPM AIRFLOW ; --            ; --              ; --              ;
; PROJECT_OUTPUT_DIRECTORY             ; output_files                          ; --            ; --              ; --              ;
; TOP_LEVEL_ENTITY                     ; BCD_counter_top                       ; BCD_counter   ; --              ; --              ;
+--------------------------------------+---------------------------------------+---------------+-----------------+-----------------+


+--------------------------------------------------------------------------------------------------------------------------+
; Flow Elapsed Time                                                                                                        ;
+----------------------+--------------+-------------------------+---------------------+------------------------------------+
; Module Name          ; Elapsed Time ; Average Processors Used ; Peak Virtual Memory ; Total CPU Time (on all processors) ;
+----------------------+--------------+-------------------------+---------------------+------------------------------------+
; Analysis & Synthesis ; 00:00:11     ; 1.0                     ; 4835 MB             ; 00:00:22                           ;
; Total                ; 00:00:11     ; --                      ; --                  ; 00:00:22                           ;
+----------------------+--------------+-------------------------+---------------------+------------------------------------+


+-----------------------------------------------------------------------------------+
; Flow OS Summary                                                                   ;
+----------------------+------------------+-----------+------------+----------------+
; Module Name          ; Machine Hostname ; OS Name   ; OS Version ; Processor type ;
+----------------------+------------------+-----------+------------+----------------+
; Analysis & Synthesis ; LAPTOP-VOGFJNE7  ; Windows 7 ; 6.2        ; x86_64         ;
+----------------------+------------------+-----------+------------+----------------+


------------
; Flow Log ;
------------
quartus_map --read_settings_files=on --write_settings_files=off BCD_counter -c BCD_counter



